#
# There is insufficient memory for the Java Runtime Environment to continue.
# Native memory allocation (malloc) failed to allocate 1527856 bytes for Chunk::new
# Possible reasons:
#   The system is out of physical RAM or swap space
#   In 32 bit mode, the process size limit was hit
# Possible solutions:
#   Reduce memory load on the system
#   Increase physical memory or swap space
#   Check if swap backing store is full
#   Use 64 bit Java on a 64 bit OS
#   Decrease Java heap size (-Xmx/-Xms)
#   Decrease number of Java threads
#   Decrease Java thread stack sizes (-Xss)
#   Set larger code cache with -XX:ReservedCodeCacheSize=
# This output file may be truncated or incomplete.
#
#  Out of Memory Error (allocation.cpp:390), pid=28488, tid=0x0000000000008178
#
# JRE version: OpenJDK Runtime Environment (8.0_152-b02) (build 1.8.0_152-release-1024-b02)
# Java VM: OpenJDK 64-Bit Server VM (25.152-b02 mixed mode windows-amd64 compressed oops)
# Failed to write core dump. Minidumps are not enabled by default on client versions of Windows
#

---------------  T H R E A D  ---------------

Current thread (0x0000000016e79000):  JavaThread "C2 CompilerThread0" daemon [_thread_in_native, id=33144, stack(0x0000000018800000,0x0000000018900000)]

Stack: [0x0000000018800000,0x0000000018900000]
[error occurred during error reporting (printing stack bounds), id 0xc0000005]

Native frames: (J=compiled Java code, j=interpreted, Vv=VM code, C=native code)


Current CompileTask:
C2:   7950 2874       4       org.codehaus.groovy.runtime.metaclass.MetaMethodIndex::addMethodToList (298 bytes)


---------------  P R O C E S S  ---------------

Java Threads: ( => current thread )
  0x000000001d711800 JavaThread "build operations Thread 4" [_thread_blocked, id=24756, stack(0x0000000021c40000,0x0000000021d40000)]
  0x000000001d70d800 JavaThread "build operations Thread 3" [_thread_blocked, id=3360, stack(0x0000000020890000,0x0000000020990000)]
  0x000000001d710000 JavaThread "build operations Thread 2" [_thread_blocked, id=25384, stack(0x0000000020790000,0x0000000020890000)]
  0x000000001d70d000 JavaThread "build operations" [_thread_blocked, id=13388, stack(0x0000000020590000,0x0000000020690000)]
  0x000000001d70b800 JavaThread "Cache worker for Artifact transforms cache (C:\Users\hyeminJ\.gradle\caches\transforms-1)" [_thread_blocked, id=28492, stack(0x000000001ffa0000,0x00000000200a0000)]
  0x000000001a3e4800 JavaThread "Cache worker for file hash cache (C:\Users\hyeminJ\AndroidStudioProjects\SYolo\.gradle\4.4\fileHashes)" [_thread_blocked, id=9820, stack(0x000000001c8a0000,0x000000001c9a0000)]
  0x0000000019e25000 JavaThread "File lock request listener" [_thread_in_native, id=25852, stack(0x000000001b7d0000,0x000000001b8d0000)]
  0x0000000019e24800 JavaThread "Cache worker for file hash cache (C:\Users\hyeminJ\.gradle\caches\4.4\fileHashes)" [_thread_blocked, id=28720, stack(0x000000001b6d0000,0x000000001b7d0000)]
  0x0000000019af3000 JavaThread "Stdin handler" [_thread_blocked, id=20084, stack(0x000000001b3d0000,0x000000001b4d0000)]
  0x0000000019af1800 JavaThread "Asynchronous log dispatcher for DefaultDaemonConnection: socket connection from /127.0.0.1:61410 to /127.0.0.1:61411" [_thread_blocked, id=18524, stack(0x000000001b2d0000,0x000000001b3d0000)]
  0x0000000019aec000 JavaThread "Daemon worker" [_thread_in_Java, id=21004, stack(0x000000001b1d0000,0x000000001b2d0000)]
  0x0000000019aca000 JavaThread "Cancel handler" [_thread_blocked, id=36728, stack(0x000000001b0d0000,0x000000001b1d0000)]
  0x0000000019aa9800 JavaThread "Handler for socket connection from /127.0.0.1:61410 to /127.0.0.1:61411" [_thread_in_native, id=33156, stack(0x000000001add0000,0x000000001aed0000)]
  0x0000000019aa8800 JavaThread "Daemon" [_thread_blocked, id=3268, stack(0x000000001acd0000,0x000000001add0000)]
  0x0000000019b86000 JavaThread "Daemon periodic checks" [_thread_blocked, id=33716, stack(0x000000001abd0000,0x000000001acd0000)]
  0x0000000019b9a000 JavaThread "Incoming local TCP Connector on port 61410" [_thread_in_native, id=34192, stack(0x000000001a6d0000,0x000000001a7d0000)]
  0x000000001828e800 JavaThread "Service Thread" daemon [_thread_blocked, id=15108, stack(0x0000000018b00000,0x0000000018c00000)]
  0x0000000018213000 JavaThread "C1 CompilerThread2" daemon [_thread_in_native, id=28560, stack(0x0000000018a00000,0x0000000018b00000)]
  0x0000000016e7b800 JavaThread "C2 CompilerThread1" daemon [_thread_in_native, id=34012, stack(0x0000000018900000,0x0000000018a00000)]
=>0x0000000016e79000 JavaThread "C2 CompilerThread0" daemon [_thread_in_native, id=33144, stack(0x0000000018800000,0x0000000018900000)]
  0x0000000016e78800 JavaThread "Attach Listener" daemon [_thread_blocked, id=24784, stack(0x0000000018700000,0x0000000018800000)]
  0x0000000018208800 JavaThread "Signal Dispatcher" daemon [_thread_blocked, id=22320, stack(0x0000000018600000,0x0000000018700000)]
  0x00000000034ac000 JavaThread "Finalizer" daemon [_thread_blocked, id=33268, stack(0x0000000018070000,0x0000000018170000)]
  0x00000000034a1800 JavaThread "Reference Handler" daemon [_thread_blocked, id=29104, stack(0x0000000017f70000,0x0000000018070000)]
  0x000000000303e800 JavaThread "main" [_thread_blocked, id=23268, stack(0x0000000002ee0000,0x0000000002fe0000)]

Other Threads:
  0x0000000016de5800 VMThread [stack: 0x0000000017e70000,0x0000000017f70000] [id=15868]
  0x00000000182a7800 WatcherThread [stack: 0x0000000018c00000,0x0000000018d00000] [id=2432]

VM state:not at safepoint (normal execution)

VM Mutex/Monitor currently owned by a thread: None

Heap:
 PSYoungGen      total 114688K, used 72487K [0x00000000e0000000, 0x00000000e9380000, 0x0000000100000000)
  eden space 107008K, 60% used [0x00000000e0000000,0x00000000e3fa21d0,0x00000000e6880000)
  from space 7680K, 95% used [0x00000000e8c00000,0x00000000e9327d10,0x00000000e9380000)
  to   space 9728K, 0% used [0x00000000e8080000,0x00000000e8080000,0x00000000e8a00000)
 ParOldGen       total 58368K, used 8136K [0x00000000a0000000, 0x00000000a3900000, 0x00000000e0000000)
  object space 58368K, 13% used [0x00000000a0000000,0x00000000a07f21e0,0x00000000a3900000)
 Metaspace       used 29981K, capacity 30602K, committed 30848K, reserved 1075200K
  class space    used 4197K, capacity 4390K, committed 4480K, reserved 1048576K

Card table byte_map: [0x0000000012870000,0x0000000012b80000] byte_map_base: 0x0000000012370000

Marking Bits: (ParMarkBitMap*) 0x00000000764c4970
 Begin Bits: [0x0000000013180000, 0x0000000014980000)
 End Bits:   [0x0000000014980000, 0x0000000016180000)

Polling page: 0x0000000001250000

CodeCache: size=245760Kb used=9430Kb max_used=10079Kb free=236329Kb
 bounds [0x00000000034b0000, 0x0000000003e90000, 0x00000000124b0000]
 total_blobs=3298 nmethods=2640 adapters=572
 compilation: enabled

Compilation events (10 events):
Event: 7.928 Thread 0x0000000018213000 2946       3       org.codehaus.groovy.reflection.ClassInfo::isSAM (13 bytes)
Event: 7.928 Thread 0x0000000018213000 nmethod 2946 0x00000000038d4d50 code [0x00000000038d4ec0, 0x00000000038d5108]
Event: 7.928 Thread 0x0000000018213000 2947       1       groovy.lang.MetaClassImpl$MethodIndexAction::skipClass (2 bytes)
Event: 7.928 Thread 0x0000000018213000 nmethod 2947 0x00000000037c11d0 code [0x00000000037c1320, 0x00000000037c1430]
Event: 7.935 Thread 0x0000000018213000 2948       3       sun.reflect.generics.reflectiveObjects.WildcardTypeImpl::getLowerBounds (72 bytes)
Event: 7.936 Thread 0x0000000018213000 nmethod 2948 0x00000000036694d0 code [0x00000000036696c0, 0x000000000366a138]
Event: 7.936 Thread 0x0000000018213000 2949       3       sun.reflect.generics.parser.SignatureParser::parseZeroOrMoreTypeSignatures (174 bytes)
Event: 7.938 Thread 0x0000000018213000 nmethod 2949 0x000000000370a2d0 code [0x000000000370a500, 0x000000000370b098]
Event: 7.940 Thread 0x0000000018213000 2950       3       sun.reflect.generics.reflectiveObjects.WildcardTypeImpl::getUpperBounds (72 bytes)
Event: 7.941 Thread 0x0000000018213000 nmethod 2950 0x0000000003728910 code [0x0000000003728b00, 0x0000000003729578]

GC Heap History (10 events):
Event: 3.459 GC heap before
{Heap before GC invocations=3 (full 0):
 PSYoungGen      total 38400K, used 38392K [0x00000000e0000000, 0x00000000e2a80000, 0x0000000100000000)
  eden space 33280K, 100% used [0x00000000e0000000,0x00000000e2080000,0x00000000e2080000)
  from space 5120K, 99% used [0x00000000e2580000,0x00000000e2a7e358,0x00000000e2a80000)
  to   space 5120K, 0% used [0x00000000e2080000,0x00000000e2080000,0x00000000e2580000)
 ParOldGen       total 87552K, used 606K [0x00000000a0000000, 0x00000000a5580000, 0x00000000e0000000)
  object space 87552K, 0% used [0x00000000a0000000,0x00000000a00978e0,0x00000000a5580000)
 Metaspace       used 14480K, capacity 14850K, committed 14976K, reserved 1062912K
  class space    used 2016K, capacity 2127K, committed 2176K, reserved 1048576K
Event: 3.472 GC heap after
Heap after GC invocations=3 (full 0):
 PSYoungGen      total 38400K, used 5098K [0x00000000e0000000, 0x00000000e4b00000, 0x0000000100000000)
  eden space 33280K, 0% used [0x00000000e0000000,0x00000000e0000000,0x00000000e2080000)
  from space 5120K, 99% used [0x00000000e2080000,0x00000000e257aa30,0x00000000e2580000)
  to   space 5120K, 0% used [0x00000000e4600000,0x00000000e4600000,0x00000000e4b00000)
 ParOldGen       total 87552K, used 2869K [0x00000000a0000000, 0x00000000a5580000, 0x00000000e0000000)
  object space 87552K, 3% used [0x00000000a0000000,0x00000000a02cd500,0x00000000a5580000)
 Metaspace       used 14480K, capacity 14850K, committed 14976K, reserved 1062912K
  class space    used 2016K, capacity 2127K, committed 2176K, reserved 1048576K
}
Event: 4.386 GC heap before
{Heap before GC invocations=4 (full 0):
 PSYoungGen      total 38400K, used 38378K [0x00000000e0000000, 0x00000000e4b00000, 0x0000000100000000)
  eden space 33280K, 100% used [0x00000000e0000000,0x00000000e2080000,0x00000000e2080000)
  from space 5120K, 99% used [0x00000000e2080000,0x00000000e257aa30,0x00000000e2580000)
  to   space 5120K, 0% used [0x00000000e4600000,0x00000000e4600000,0x00000000e4b00000)
 ParOldGen       total 87552K, used 2869K [0x00000000a0000000, 0x00000000a5580000, 0x00000000e0000000)
  object space 87552K, 3% used [0x00000000a0000000,0x00000000a02cd500,0x00000000a5580000)
 Metaspace       used 17696K, capacity 18172K, committed 18432K, reserved 1064960K
  class space    used 2543K, capacity 2690K, committed 2816K, reserved 1048576K
Event: 4.417 GC heap after
Heap after GC invocations=4 (full 0):
 PSYoungGen      total 71680K, used 5112K [0x00000000e0000000, 0x00000000e4b00000, 0x0000000100000000)
  eden space 66560K, 0% used [0x00000000e0000000,0x00000000e0000000,0x00000000e4100000)
  from space 5120K, 99% used [0x00000000e4600000,0x00000000e4afe270,0x00000000e4b00000)
  to   space 5120K, 0% used [0x00000000e4100000,0x00000000e4100000,0x00000000e4600000)
 ParOldGen       total 87552K, used 6460K [0x00000000a0000000, 0x00000000a5580000, 0x00000000e0000000)
  object space 87552K, 7% used [0x00000000a0000000,0x00000000a064f098,0x00000000a5580000)
 Metaspace       used 17696K, capacity 18172K, committed 18432K, reserved 1064960K
  class space    used 2543K, capacity 2690K, committed 2816K, reserved 1048576K
}
Event: 4.814 GC heap before
{Heap before GC invocations=5 (full 0):
 PSYoungGen      total 71680K, used 18400K [0x00000000e0000000, 0x00000000e4b00000, 0x0000000100000000)
  eden space 66560K, 19% used [0x00000000e0000000,0x00000000e0cf9e70,0x00000000e4100000)
  from space 5120K, 99% used [0x00000000e4600000,0x00000000e4afe270,0x00000000e4b00000)
  to   space 5120K, 0% used [0x00000000e4100000,0x00000000e4100000,0x00000000e4600000)
 ParOldGen       total 87552K, used 6460K [0x00000000a0000000, 0x00000000a5580000, 0x00000000e0000000)
  object space 87552K, 7% used [0x00000000a0000000,0x00000000a064f098,0x00000000a5580000)
 Metaspace       used 20776K, capacity 21212K, committed 21248K, reserved 1067008K
  class space    used 2896K, capacity 3042K, committed 3072K, reserved 1048576K
Event: 4.827 GC heap after
Heap after GC invocations=5 (full 0):
 PSYoungGen      total 71680K, used 5107K [0x00000000e0000000, 0x00000000e9600000, 0x0000000100000000)
  eden space 66560K, 0% used [0x00000000e0000000,0x00000000e0000000,0x00000000e4100000)
  from space 5120K, 99% used [0x00000000e4100000,0x00000000e45fce78,0x00000000e4600000)
  to   space 10240K, 0% used [0x00000000e8c00000,0x00000000e8c00000,0x00000000e9600000)
 ParOldGen       total 87552K, used 8850K [0x00000000a0000000, 0x00000000a5580000, 0x00000000e0000000)
  object space 87552K, 10% used [0x00000000a0000000,0x00000000a08a48b0,0x00000000a5580000)
 Metaspace       used 20776K, capacity 21212K, committed 21248K, reserved 1067008K
  class space    used 2896K, capacity 3042K, committed 3072K, reserved 1048576K
}
Event: 4.827 GC heap before
{Heap before GC invocations=6 (full 1):
 PSYoungGen      total 71680K, used 5107K [0x00000000e0000000, 0x00000000e9600000, 0x0000000100000000)
  eden space 66560K, 0% used [0x00000000e0000000,0x00000000e0000000,0x00000000e4100000)
  from space 5120K, 99% used [0x00000000e4100000,0x00000000e45fce78,0x00000000e4600000)
  to   space 10240K, 0% used [0x00000000e8c00000,0x00000000e8c00000,0x00000000e9600000)
 ParOldGen       total 87552K, used 8850K [0x00000000a0000000, 0x00000000a5580000, 0x00000000e0000000)
  object space 87552K, 10% used [0x00000000a0000000,0x00000000a08a48b0,0x00000000a5580000)
 Metaspace       used 20776K, capacity 21212K, committed 21248K, reserved 1067008K
  class space    used 2896K, capacity 3042K, committed 3072K, reserved 1048576K
Event: 4.884 GC heap after
Heap after GC invocations=6 (full 1):
 PSYoungGen      total 71680K, used 0K [0x00000000e0000000, 0x00000000e9600000, 0x0000000100000000)
  eden space 66560K, 0% used [0x00000000e0000000,0x00000000e0000000,0x00000000e4100000)
  from space 5120K, 0% used [0x00000000e4100000,0x00000000e4100000,0x00000000e4600000)
  to   space 10240K, 0% used [0x00000000e8c00000,0x00000000e8c00000,0x00000000e9600000)
 ParOldGen       total 58368K, used 8128K [0x00000000a0000000, 0x00000000a3900000, 0x00000000e0000000)
  object space 58368K, 13% used [0x00000000a0000000,0x00000000a07f01e0,0x00000000a3900000)
 Metaspace       used 20776K, capacity 21212K, committed 21248K, reserved 1067008K
  class space    used 2896K, capacity 3042K, committed 3072K, reserved 1048576K
}
Event: 6.472 GC heap before
{Heap before GC invocations=7 (full 1):
 PSYoungGen      total 71680K, used 66560K [0x00000000e0000000, 0x00000000e9600000, 0x0000000100000000)
  eden space 66560K, 100% used [0x00000000e0000000,0x00000000e4100000,0x00000000e4100000)
  from space 5120K, 0% used [0x00000000e4100000,0x00000000e4100000,0x00000000e4600000)
  to   space 10240K, 0% used [0x00000000e8c00000,0x00000000e8c00000,0x00000000e9600000)
 ParOldGen       total 58368K, used 8128K [0x00000000a0000000, 0x00000000a3900000, 0x00000000e0000000)
  object space 58368K, 13% used [0x00000000a0000000,0x00000000a07f01e0,0x00000000a3900000)
 Metaspace       used 26634K, capacity 27132K, committed 27392K, reserved 1073152K
  class space    used 3672K, capacity 3833K, committed 3840K, reserved 1048576K
Event: 6.489 GC heap after
Heap after GC invocations=7 (full 1):
 PSYoungGen      total 114688K, used 7327K [0x00000000e0000000, 0x00000000e9380000, 0x0000000100000000)
  eden space 107008K, 0% used [0x00000000e0000000,0x00000000e0000000,0x00000000e6880000)
  from space 7680K, 95% used [0x00000000e8c00000,0x00000000e9327d10,0x00000000e9380000)
  to   space 9728K, 0% used [0x00000000e8080000,0x00000000e8080000,0x00000000e8a00000)
 ParOldGen       total 58368K, used 8136K [0x00000000a0000000, 0x00000000a3900000, 0x00000000e0000000)
  object space 58368K, 13% used [0x00000000a0000000,0x00000000a07f21e0,0x00000000a3900000)
 Metaspace       used 26634K, capacity 27132K, committed 27392K, reserved 1073152K
  class space    used 3672K, capacity 3833K, committed 3840K, reserved 1048576K
}

Deoptimization events (10 events):
Event: 5.763 Thread 0x0000000019aec000 Uncommon trap: reason=class_check action=maybe_recompile pc=0x0000000003a60080 method=java.lang.reflect.Method.equals(Ljava/lang/Object;)Z @ 5
Event: 6.042 Thread 0x0000000019aec000 Uncommon trap: reason=class_check action=maybe_recompile pc=0x0000000003681370 method=sun.misc.URLClassPath.getLoader(I)Lsun/misc/URLClassPath$Loader; @ 94
Event: 6.054 Thread 0x0000000019aec000 Uncommon trap: reason=class_check action=maybe_recompile pc=0x000000000367b5f4 method=sun.misc.URLClassPath.getLoader(I)Lsun/misc/URLClassPath$Loader; @ 239
Event: 6.179 Thread 0x0000000019aec000 Uncommon trap: reason=unstable_if action=reinterpret pc=0x0000000003728f0c method=java.io.WinNTFileSystem.resolve(Ljava/lang/String;Ljava/lang/String;)Ljava/lang/String; @ 49
Event: 7.289 Thread 0x000000001d711800 Uncommon trap: reason=unstable_if action=reinterpret pc=0x0000000003e42a6c method=com.esotericsoftware.kryo.io.Output.writeString(Ljava/lang/CharSequence;)V @ 1
Event: 7.702 Thread 0x0000000019aec000 Uncommon trap: reason=unstable_if action=reinterpret pc=0x000000000378397c method=java.util.jar.JarFile.match([C[B[I[I)Z @ 29
Event: 7.780 Thread 0x0000000019aec000 Uncommon trap: reason=unstable_if action=reinterpret pc=0x000000000391dd40 method=java.util.WeakHashMap.expungeStaleEntries()V @ 9
Event: 7.808 Thread 0x0000000019aec000 Uncommon trap: reason=unstable_if action=reinterpret pc=0x0000000003ce204c method=java.net.URLClassLoader.isSealed(Ljava/lang/String;Ljava/util/jar/Manifest;)Z @ 26
Event: 7.810 Thread 0x0000000019aec000 Uncommon trap: reason=unstable_if action=reinterpret pc=0x0000000003ca4d68 method=java.net.URLClassLoader.isSealed(Ljava/lang/String;Ljava/util/jar/Manifest;)Z @ 26
Event: 7.872 Thread 0x0000000019aec000 Uncommon trap: reason=range_check action=make_not_entrant pc=0x0000000003d9a870 method=java.lang.String.charAt(I)C @ 27

Classes redefined (0 events):
No events

Internal exceptions (10 events):
Event: 7.929 Thread 0x0000000019aec000 Exception <a 'java/lang/ClassNotFoundException': org/gradle/api/tasks/Delete_DecoratedBeanInfo> (0x00000000e3cf79b8) thrown at [D:\src\AOSP-openjdk-cygwin\jdk8u\hotspot\src\share\vm\classfile\systemDictionary.cpp, line 210]
Event: 7.930 Thread 0x0000000019aec000 Exception <a 'java/lang/ClassNotFoundException': org/gradle/api/tasks/DeleteBeanInfo> (0x00000000e3d1c9a0) thrown at [D:\src\AOSP-openjdk-cygwin\jdk8u\hotspot\src\share\vm\classfile\systemDictionary.cpp, line 210]
Event: 7.932 Thread 0x0000000019aec000 Exception <a 'java/lang/ClassNotFoundException': org/gradle/api/internal/ConventionTaskBeanInfo> (0x00000000e3d468c8) thrown at [D:\src\AOSP-openjdk-cygwin\jdk8u\hotspot\src\share\vm\classfile\systemDictionary.cpp, line 210]
Event: 7.933 Thread 0x0000000019aec000 Exception <a 'java/lang/ClassNotFoundException': org/gradle/api/DefaultTaskBeanInfo> (0x00000000e3d695c0) thrown at [D:\src\AOSP-openjdk-cygwin\jdk8u\hotspot\src\share\vm\classfile\systemDictionary.cpp, line 210]
Event: 7.933 Thread 0x0000000019aec000 Exception <a 'java/lang/ClassNotFoundException': org/gradle/api/internal/AbstractTaskBeanInfo> (0x00000000e3d92910) thrown at [D:\src\AOSP-openjdk-cygwin\jdk8u\hotspot\src\share\vm\classfile\systemDictionary.cpp, line 210]
Event: 7.934 Thread 0x0000000019aec000 Exception <a 'java/lang/ClassNotFoundException': org/gradle/api/internal/AbstractTaskCustomizer> (0x00000000e3dbc9f8) thrown at [D:\src\AOSP-openjdk-cygwin\jdk8u\hotspot\src\share\vm\classfile\systemDictionary.cpp, line 210]
Event: 7.938 Thread 0x0000000019aec000 Exception <a 'java/lang/ClassNotFoundException': org/gradle/api/DefaultTaskCustomizer> (0x00000000e3e447e0) thrown at [D:\src\AOSP-openjdk-cygwin\jdk8u\hotspot\src\share\vm\classfile\systemDictionary.cpp, line 210]
Event: 7.939 Thread 0x0000000019aec000 Exception <a 'java/lang/ClassNotFoundException': org/gradle/api/internal/ConventionTaskCustomizer> (0x00000000e3e7e198) thrown at [D:\src\AOSP-openjdk-cygwin\jdk8u\hotspot\src\share\vm\classfile\systemDictionary.cpp, line 210]
Event: 7.943 Thread 0x0000000019aec000 Exception <a 'java/lang/ClassNotFoundException': org/gradle/api/tasks/DeleteCustomizer> (0x00000000e3eb5a18) thrown at [D:\src\AOSP-openjdk-cygwin\jdk8u\hotspot\src\share\vm\classfile\systemDictionary.cpp, line 210]
Event: 7.946 Thread 0x0000000019aec000 Exception <a 'java/lang/ClassNotFoundException': org/gradle/api/tasks/Delete_DecoratedCustomizer> (0x00000000e3efac88) thrown at [D:\src\AOSP-openjdk-cygwin\jdk8u\hotspot\src\share\vm\classfile\systemDictionary.cpp, line 210]

Events (10 events):
Event: 7.943 loading class org/gradle/api/tasks/DeleteCustomizer
Event: 7.943 loading class org/gradle/api/tasks/DeleteCustomizer done
Event: 7.944 loading class org/gradle/api/tasks/Delete_DecoratedCustomizer
Event: 7.944 loading class org/gradle/api/tasks/Delete_DecoratedCustomizer done
Event: 7.945 loading class org/gradle/api/tasks/Delete_DecoratedCustomizer
Event: 7.945 loading class org/gradle/api/tasks/Delete_DecoratedCustomizer done
Event: 7.945 loading class org/gradle/api/tasks/Delete_DecoratedCustomizer
Event: 7.945 loading class org/gradle/api/tasks/Delete_DecoratedCustomizer done
Event: 7.945 loading class org/gradle/api/tasks/Delete_DecoratedCustomizer
Event: 7.945 loading class org/gradle/api/tasks/Delete_DecoratedCustomizer done


Dynamic libraries:
0x00007ff6012a0000 - 0x00007ff6012d1000 	C:\Program Files\Android\Android Studio\jre\bin\java.exe
0x00007ff9e37e0000 - 0x00007ff9e39bb000 	C:\WINDOWS\SYSTEM32\ntdll.dll
0x00007ff9e2e60000 - 0x00007ff9e2f0e000 	C:\WINDOWS\System32\KERNEL32.DLL
0x00007ff9dfe70000 - 0x00007ff9e00ba000 	C:\WINDOWS\System32\KERNELBASE.dll
0x00007ff9e1180000 - 0x00007ff9e1221000 	C:\WINDOWS\System32\ADVAPI32.dll
0x00007ff9e2c70000 - 0x00007ff9e2d0d000 	C:\WINDOWS\System32\msvcrt.dll
0x00007ff9e3040000 - 0x00007ff9e3099000 	C:\WINDOWS\System32\sechost.dll
0x00007ff9e36b0000 - 0x00007ff9e37d5000 	C:\WINDOWS\System32\RPCRT4.dll
0x00007ff9e2d10000 - 0x00007ff9e2e5a000 	C:\WINDOWS\System32\USER32.dll
0x00007ff9dfe00000 - 0x00007ff9dfe1e000 	C:\WINDOWS\System32\win32u.dll
0x00007ff9e2b80000 - 0x00007ff9e2ba7000 	C:\WINDOWS\System32\GDI32.dll
0x00007ff9e0870000 - 0x00007ff9e09f8000 	C:\WINDOWS\System32\gdi32full.dll
0x00007ff9e0a00000 - 0x00007ff9e0a9a000 	C:\WINDOWS\System32\msvcp_win.dll
0x00007ff9dfd00000 - 0x00007ff9dfdf6000 	C:\WINDOWS\System32\ucrtbase.dll
0x00007ff9d2500000 - 0x00007ff9d2767000 	C:\WINDOWS\WinSxS\amd64_microsoft.windows.common-controls_6595b64144ccf1df_6.0.15063.1155_none_40c7922129a7722b\COMCTL32.dll
0x00007ff9e3210000 - 0x00007ff9e3509000 	C:\WINDOWS\System32\combase.dll
0x00007ff9e0cd0000 - 0x00007ff9e0d3a000 	C:\WINDOWS\System32\bcryptPrimitives.dll
0x00007ff9e2f10000 - 0x00007ff9e2f3d000 	C:\WINDOWS\System32\IMM32.DLL
0x00000000773e0000 - 0x00000000774b2000 	C:\Program Files\Android\Android Studio\jre\jre\bin\msvcr100.dll
0x0000000075d00000 - 0x000000007653f000 	C:\Program Files\Android\Android Studio\jre\jre\bin\server\jvm.dll
0x00007ff9e3000000 - 0x00007ff9e3008000 	C:\WINDOWS\System32\PSAPI.DLL
0x00007ff9dcf60000 - 0x00007ff9dcf83000 	C:\WINDOWS\SYSTEM32\WINMM.dll
0x00007ff9d0680000 - 0x00007ff9d068a000 	C:\WINDOWS\SYSTEM32\VERSION.dll
0x00007ff9dcf30000 - 0x00007ff9dcf5b000 	C:\WINDOWS\SYSTEM32\WINMMBASE.dll
0x00007ff9dbb50000 - 0x00007ff9dbb59000 	C:\WINDOWS\SYSTEM32\WSOCK32.dll
0x00007ff9e12d0000 - 0x00007ff9e133c000 	C:\WINDOWS\System32\WS2_32.dll
0x00007ff9dfe20000 - 0x00007ff9dfe69000 	C:\WINDOWS\System32\cfgmgr32.dll
0x00007ff9dcff0000 - 0x00007ff9dcfff000 	C:\Program Files\Android\Android Studio\jre\jre\bin\verify.dll
0x00007ff9d8190000 - 0x00007ff9d81b9000 	C:\Program Files\Android\Android Studio\jre\jre\bin\java.dll
0x00007ff9d8150000 - 0x00007ff9d8166000 	C:\Program Files\Android\Android Studio\jre\jre\bin\zip.dll
0x00007ff9e1550000 - 0x00007ff9e2989000 	C:\WINDOWS\System32\SHELL32.dll
0x00007ff9e1340000 - 0x00007ff9e13ea000 	C:\WINDOWS\System32\shcore.dll
0x00007ff9e00c0000 - 0x00007ff9e07b1000 	C:\WINDOWS\System32\windows.storage.dll
0x00007ff9e2c10000 - 0x00007ff9e2c61000 	C:\WINDOWS\System32\shlwapi.dll
0x00007ff9dfce0000 - 0x00007ff9dfcf1000 	C:\WINDOWS\System32\kernel.appcore.dll
0x00007ff9dfc70000 - 0x00007ff9dfcbc000 	C:\WINDOWS\System32\powrprof.dll
0x00007ff9dfc50000 - 0x00007ff9dfc65000 	C:\WINDOWS\System32\profapi.dll
0x00007ff9d8120000 - 0x00007ff9d813a000 	C:\Program Files\Android\Android Studio\jre\jre\bin\net.dll
0x00007ff9df500000 - 0x00007ff9df55c000 	C:\WINDOWS\system32\mswsock.dll
0x00007ff9d8100000 - 0x00007ff9d8111000 	C:\Program Files\Android\Android Studio\jre\jre\bin\nio.dll
0x00007ff9d4e70000 - 0x00007ff9d4e8e000 	C:\Users\hyeminJ\.gradle\native\25\windows-amd64\native-platform.dll
0x00007ff9dced0000 - 0x00007ff9dcedd000 	C:\Program Files\Android\Android Studio\jre\jre\bin\management.dll
0x00007ff9df6a0000 - 0x00007ff9df6b7000 	C:\WINDOWS\SYSTEM32\CRYPTSP.dll
0x00007ff9df120000 - 0x00007ff9df154000 	C:\WINDOWS\system32\rsaenh.dll
0x00007ff9dfb20000 - 0x00007ff9dfb45000 	C:\WINDOWS\SYSTEM32\bcrypt.dll
0x00007ff9dfb50000 - 0x00007ff9dfb79000 	C:\WINDOWS\SYSTEM32\USERENV.dll
0x00007ff9df6c0000 - 0x00007ff9df6cb000 	C:\WINDOWS\SYSTEM32\CRYPTBASE.dll
0x00007ff9df2a0000 - 0x00007ff9df2d7000 	C:\WINDOWS\SYSTEM32\IPHLPAPI.DLL
0x00007ff9e1540000 - 0x00007ff9e1548000 	C:\WINDOWS\System32\NSI.dll
0x00007ff9d2b30000 - 0x00007ff9d2b46000 	C:\WINDOWS\SYSTEM32\dhcpcsvc6.DLL
0x00007ff9d2b10000 - 0x00007ff9d2b2a000 	C:\WINDOWS\SYSTEM32\dhcpcsvc.DLL

VM Arguments:
jvm_args: -Xmx1536m -Dfile.encoding=x-windows-949 -Duser.country=KR -Duser.language=ko -Duser.variant 
java_command: org.gradle.launcher.daemon.bootstrap.GradleDaemon 4.4
java_class_path (initial): C:\Users\hyeminJ\.gradle\wrapper\dists\gradle-4.4-all\9br9xq1tocpiv8o6njlyu5op1\gradle-4.4\lib\gradle-launcher-4.4.jar
Launcher Type: SUN_STANDARD

Environment Variables:
JAVA_HOME=C:\Program Files\Java\jdk1.8.0_77
PATH=C:\ProgramData\Miniconda3;C:\ProgramData\Miniconda3\Library\mingw-w64\bin;C:\ProgramData\Miniconda3\Library\usr\bin;C:\ProgramData\Miniconda3\Library\bin;C:\ProgramData\Miniconda3\Scripts;C:\Program Files (x86)\Common Files\Oracle\Java\javapath;C:\ProgramData\Oracle\Java\javapath;C:\Program Files (x86)\Intel\iCLS Client\;C:\Program Files\Intel\iCLS Client\;C:\WINDOWS\system32;C:\WINDOWS;C:\WINDOWS\System32\Wbem;C:\WINDOWS\System32\WindowsPowerShell\v1.0\;C:\Program Files (x86)\Intel\Intel(R) Management Engine Components\DAL;C:\Program Files\Intel\Intel(R) Management Engine Components\DAL;C:\Program Files (x86)\Intel\Intel(R) Management Engine Components\IPT;C:\Program Files\Intel\Intel(R) Management Engine Components\IPT;C:\Program Files\Samsung\SamsungLink\AllShare Framework DMS\bin\;C:\Program Files\Java\jdk1.8.0_77\bin;C:\Program Files (x86)\ePapyrus\Papyrus-PlugIn-xfa;C:\Program Files (x86)\ePapyrus\Papyrus-PlugIn-xfa\Addins;C:\AndroidSDK\platform-tools;C:\Program Files\Git\cmd;C:\Users\hyeminJ\Downloads\apache-maven-3.5.3-bin\apache-maven-3.5.3\bin;C:\Users\hyeminJ\AppData\Local\Microsoft\WindowsApps;C:\Users\hyeminJ\AppData\Local\atom\bin
USERNAME=hyeminJ
OS=Windows_NT
PROCESSOR_IDENTIFIER=Intel64 Family 6 Model 78 Stepping 3, GenuineIntel



---------------  S Y S T E M  ---------------

OS: Windows 10.0 , 64 bit Build 15063 (10.0.15063.1058)

CPU:total 4 (initial active 4) (2 cores per cpu, 2 threads per core) family 6 model 78 stepping 3, cmov, cx8, fxsr, mmx, sse, sse2, sse3, ssse3, sse4.1, sse4.2, popcnt, aes, clmul, erms, 3dnowpref, lzcnt, ht, tsc, tscinvbit

Memory: 4k page, physical 8304512k(3136596k free), swap 15815956k(7472k free)

vm_info: OpenJDK 64-Bit Server VM (25.152-b02) for windows-amd64 JRE (1.8.0_152-release-1024-b02), built by "builder" with MS VC++ 10.0 (VS2010)

time: Thu Sep 06 17:40:42 2018
elapsed time: 7 seconds (0d 0h 0m 7s)

