#
# There is insufficient memory for the Java Runtime Environment to continue.
# Native memory allocation (malloc) failed to allocate 32744 bytes for ChunkPool::allocate
# Possible reasons:
#   The system is out of physical RAM or swap space
#   In 32 bit mode, the process size limit was hit
# Possible solutions:
#   Reduce memory load on the system
#   Increase physical memory or swap space
#   Check if swap backing store is full
#   Use 64 bit Java on a 64 bit OS
#   Decrease Java heap size (-Xmx/-Xms)
#   Decrease number of Java threads
#   Decrease Java thread stack sizes (-Xss)
#   Set larger code cache with -XX:ReservedCodeCacheSize=
# This output file may be truncated or incomplete.
#
#  Out of Memory Error (allocation.cpp:273), pid=25688, tid=0x00000000000072f4
#
# JRE version: OpenJDK Runtime Environment (8.0_152-b02) (build 1.8.0_152-release-1024-b02)
# Java VM: OpenJDK 64-Bit Server VM (25.152-b02 mixed mode windows-amd64 compressed oops)
# Failed to write core dump. Minidumps are not enabled by default on client versions of Windows
#

---------------  T H R E A D  ---------------

Current thread (0x0000000019ed2800):  JavaThread "Daemon worker" [_thread_in_vm, id=29428, stack(0x000000001b1c0000,0x000000001b2c0000)]

Stack: [0x000000001b1c0000,0x000000001b2c0000]
[error occurred during error reporting (printing stack bounds), id 0xc0000005]

Native frames: (J=compiled Java code, j=interpreted, Vv=VM code, C=native code)

Java frames: (J=compiled Java code, j=interpreted, Vv=VM code)
j  org.gradle.initialization.MixInLegacyTypesClassLoader.transform(Ljava/lang/String;[B)[B+0
J 1462 C1 org.gradle.internal.classloader.TransformingClassLoader.findClass(Ljava/lang/String;)Ljava/lang/Class; (203 bytes) @ 0x0000000003a0d944 [0x0000000003a0d060+0x8e4]
J 1823 C1 java.lang.ClassLoader.loadClass(Ljava/lang/String;Z)Ljava/lang/Class; (122 bytes) @ 0x0000000003b49094 [0x0000000003b48740+0x954]
J 297 C1 java.lang.ClassLoader.loadClass(Ljava/lang/String;)Ljava/lang/Class; (7 bytes) @ 0x00000000036c534c [0x00000000036c5240+0x10c]
v  ~StubRoutines::call_stub
j  org.gradle.plugins.ide.internal.tooling.ToolingModelServices$BuildScopeToolingServices$1.execute(Lorg/gradle/tooling/provider/model/ToolingModelBuilderRegistry;)V+22
j  org.gradle.plugins.ide.internal.tooling.ToolingModelServices$BuildScopeToolingServices$1.execute(Ljava/lang/Object;)V+5
j  org.gradle.internal.service.scopes.BuildScopeServices.createBuildScopedToolingModelBuilders(Ljava/util/List;)Lorg/gradle/tooling/provider/model/ToolingModelBuilderRegistry;+38
v  ~StubRoutines::call_stub
J 1526  sun.reflect.NativeMethodAccessorImpl.invoke0(Ljava/lang/reflect/Method;Ljava/lang/Object;[Ljava/lang/Object;)Ljava/lang/Object; (0 bytes) @ 0x0000000003a3cebf [0x0000000003a3ce40+0x7f]
J 1525 C1 sun.reflect.NativeMethodAccessorImpl.invoke(Ljava/lang/Object;[Ljava/lang/Object;)Ljava/lang/Object; (104 bytes) @ 0x0000000003a3c124 [0x0000000003a3af80+0x11a4]

[error occurred during error reporting (printing Java stack), id 0xe0000001]


---------------  P R O C E S S  ---------------

Java Threads: ( => current thread )
  0x000000001bd06800 JavaThread "Cache worker for file hash cache (C:\Users\hyeminJ\AndroidStudioProjects\SYolo\.gradle\4.4\fileHashes)" [_thread_blocked, id=23160, stack(0x000000001c890000,0x000000001c990000)]
  0x0000000019ead000 JavaThread "File lock request listener" [_thread_in_native, id=13028, stack(0x000000001b7c0000,0x000000001b8c0000)]
  0x0000000019f01000 JavaThread "Cache worker for file hash cache (C:\Users\hyeminJ\.gradle\caches\4.4\fileHashes)" [_thread_blocked, id=20208, stack(0x000000001b6c0000,0x000000001b7c0000)]
  0x0000000019eab000 JavaThread "Stdin handler" [_thread_blocked, id=15440, stack(0x000000001b3c0000,0x000000001b4c0000)]
  0x0000000019ea9800 JavaThread "Asynchronous log dispatcher for DefaultDaemonConnection: socket connection from /127.0.0.1:61425 to /127.0.0.1:61426" [_thread_blocked, id=33688, stack(0x000000001b2c0000,0x000000001b3c0000)]
=>0x0000000019ed2800 JavaThread "Daemon worker" [_thread_in_vm, id=29428, stack(0x000000001b1c0000,0x000000001b2c0000)]
  0x0000000019ed0800 JavaThread "Cancel handler" [_thread_blocked, id=30836, stack(0x000000001b0c0000,0x000000001b1c0000)]
  0x0000000019d30800 JavaThread "Handler for socket connection from /127.0.0.1:61425 to /127.0.0.1:61426" [_thread_in_native, id=29740, stack(0x000000001adc0000,0x000000001aec0000)]
  0x0000000019d2f800 JavaThread "Daemon" [_thread_blocked, id=16152, stack(0x000000001acc0000,0x000000001adc0000)]
  0x0000000019d27000 JavaThread "Daemon periodic checks" [_thread_blocked, id=25540, stack(0x000000001abc0000,0x000000001acc0000)]
  0x0000000019cd0000 JavaThread "Incoming local TCP Connector on port 61425" [_thread_in_native, id=23292, stack(0x000000001a6c0000,0x000000001a7c0000)]
  0x000000001823e000 JavaThread "Service Thread" daemon [_thread_blocked, id=23972, stack(0x0000000018af0000,0x0000000018bf0000)]
  0x00000000181fc800 JavaThread "C1 CompilerThread2" daemon [_thread_blocked, id=33680, stack(0x00000000189f0000,0x0000000018af0000)]
  0x0000000016eee000 JavaThread "C2 CompilerThread1" daemon [_thread_in_native, id=29284, stack(0x00000000188f0000,0x00000000189f0000)]
  0x0000000016eea000 JavaThread "C2 CompilerThread0" daemon [_thread_in_native, id=21048, stack(0x00000000187f0000,0x00000000188f0000)]
  0x0000000016ee9800 JavaThread "Attach Listener" daemon [_thread_blocked, id=21152, stack(0x00000000186f0000,0x00000000187f0000)]
  0x00000000181f8800 JavaThread "Signal Dispatcher" daemon [_thread_blocked, id=3792, stack(0x00000000185f0000,0x00000000186f0000)]
  0x000000000344d000 JavaThread "Finalizer" daemon [_thread_blocked, id=22512, stack(0x00000000180f0000,0x00000000181f0000)]
  0x0000000003441800 JavaThread "Reference Handler" daemon [_thread_blocked, id=15400, stack(0x0000000017ff0000,0x00000000180f0000)]
  0x000000000351e800 JavaThread "main" [_thread_blocked, id=34448, stack(0x0000000002e90000,0x0000000002f90000)]

Other Threads:
  0x0000000016e55800 VMThread [stack: 0x0000000017ef0000,0x0000000017ff0000] [id=30928]
  0x0000000018241800 WatcherThread [stack: 0x0000000018bf0000,0x0000000018cf0000] [id=25132]

VM state:not at safepoint (normal execution)

VM Mutex/Monitor currently owned by a thread: None

Heap:
 PSYoungGen      total 33280K, used 13313K [0x00000000e0000000, 0x00000000e4480000, 0x0000000100000000)
  eden space 28160K, 32% used [0x00000000e0000000,0x00000000e08fb0a0,0x00000000e1b80000)
  from space 5120K, 80% used [0x00000000e2580000,0x00000000e29855b8,0x00000000e2a80000)
  to   space 10240K, 0% used [0x00000000e1b80000,0x00000000e1b80000,0x00000000e2580000)
 ParOldGen       total 61952K, used 8135K [0x00000000a0000000, 0x00000000a3c80000, 0x00000000e0000000)
  object space 61952K, 13% used [0x00000000a0000000,0x00000000a07f1d98,0x00000000a3c80000)
 Metaspace       used 24951K, capacity 25458K, committed 25728K, reserved 1071104K
  class space    used 3451K, capacity 3596K, committed 3712K, reserved 1048576K

Card table byte_map: [0x00000000128e0000,0x0000000012bf0000] byte_map_base: 0x00000000123e0000

Marking Bits: (ParMarkBitMap*) 0x00000000764c4970
 Begin Bits: [0x00000000131f0000, 0x00000000149f0000)
 End Bits:   [0x00000000149f0000, 0x00000000161f0000)

Polling page: 0x0000000002f90000

CodeCache: size=245760Kb used=7871Kb max_used=7871Kb free=237889Kb
 bounds [0x0000000003520000, 0x0000000003ce0000, 0x0000000012520000]
 total_blobs=2659 nmethods=2024 adapters=549
 compilation: enabled

Compilation events (10 events):
Event: 5.996 Thread 0x00000000181fc800 2031       3       java.io.ObjectOutputStream$BlockDataOutputStream::setBlockDataMode (35 bytes)
Event: 5.996 Thread 0x00000000181fc800 nmethod 2031 0x0000000003cd1690 code [0x0000000003cd1800, 0x0000000003cd1a68]
Event: 5.996 Thread 0x00000000181fc800 2032       3       java.io.ObjectOutputStream$HandleTable::lookup (56 bytes)
Event: 5.997 Thread 0x00000000181fc800 nmethod 2032 0x0000000003cd1b10 code [0x0000000003cd1ca0, 0x0000000003cd2068]
Event: 5.999 Thread 0x00000000181fc800 2033       3       org.gradle.internal.service.DefaultServiceRegistry$SingletonService::prepare (19 bytes)
Event: 5.999 Thread 0x00000000181fc800 nmethod 2033 0x0000000003cd22d0 code [0x0000000003cd2440, 0x0000000003cd26a8]
Event: 5.999 Thread 0x00000000181fc800 2034       3       java.util.concurrent.ConcurrentHashMap::resizeStamp (13 bytes)
Event: 6.000 Thread 0x00000000181fc800 nmethod 2034 0x0000000003cd2750 code [0x0000000003cd28c0, 0x0000000003cd2a48]
Event: 6.000 Thread 0x00000000181fc800 2035       3       org.gradle.internal.service.DefaultServiceRegistry$ParentServices::hasService (11 bytes)
Event: 6.000 Thread 0x00000000181fc800 nmethod 2035 0x0000000003cd2ad0 code [0x0000000003cd2c60, 0x0000000003cd2fd8]

GC Heap History (10 events):
Event: 3.731 GC heap before
{Heap before GC invocations=3 (full 0):
 PSYoungGen      total 38400K, used 38374K [0x00000000e0000000, 0x00000000e2a80000, 0x0000000100000000)
  eden space 33280K, 100% used [0x00000000e0000000,0x00000000e2080000,0x00000000e2080000)
  from space 5120K, 99% used [0x00000000e2580000,0x00000000e2a79ba0,0x00000000e2a80000)
  to   space 5120K, 0% used [0x00000000e2080000,0x00000000e2080000,0x00000000e2580000)
 ParOldGen       total 87552K, used 573K [0x00000000a0000000, 0x00000000a5580000, 0x00000000e0000000)
  object space 87552K, 0% used [0x00000000a0000000,0x00000000a008f530,0x00000000a5580000)
 Metaspace       used 14452K, capacity 14786K, committed 14976K, reserved 1062912K
  class space    used 2013K, capacity 2127K, committed 2176K, reserved 1048576K
Event: 3.743 GC heap after
Heap after GC invocations=3 (full 0):
 PSYoungGen      total 38400K, used 5114K [0x00000000e0000000, 0x00000000e2a80000, 0x0000000100000000)
  eden space 33280K, 0% used [0x00000000e0000000,0x00000000e0000000,0x00000000e2080000)
  from space 5120K, 99% used [0x00000000e2080000,0x00000000e257e808,0x00000000e2580000)
  to   space 5120K, 0% used [0x00000000e2580000,0x00000000e2580000,0x00000000e2a80000)
 ParOldGen       total 87552K, used 2746K [0x00000000a0000000, 0x00000000a5580000, 0x00000000e0000000)
  object space 87552K, 3% used [0x00000000a0000000,0x00000000a02aeb50,0x00000000a5580000)
 Metaspace       used 14452K, capacity 14786K, committed 14976K, reserved 1062912K
  class space    used 2013K, capacity 2127K, committed 2176K, reserved 1048576K
}
Event: 4.559 GC heap before
{Heap before GC invocations=4 (full 0):
 PSYoungGen      total 38400K, used 38394K [0x00000000e0000000, 0x00000000e2a80000, 0x0000000100000000)
  eden space 33280K, 100% used [0x00000000e0000000,0x00000000e2080000,0x00000000e2080000)
  from space 5120K, 99% used [0x00000000e2080000,0x00000000e257e808,0x00000000e2580000)
  to   space 5120K, 0% used [0x00000000e2580000,0x00000000e2580000,0x00000000e2a80000)
 ParOldGen       total 87552K, used 2746K [0x00000000a0000000, 0x00000000a5580000, 0x00000000e0000000)
  object space 87552K, 3% used [0x00000000a0000000,0x00000000a02aeb50,0x00000000a5580000)
 Metaspace       used 17673K, capacity 18108K, committed 18432K, reserved 1064960K
  class space    used 2542K, capacity 2690K, committed 2816K, reserved 1048576K
Event: 4.575 GC heap after
Heap after GC invocations=4 (full 0):
 PSYoungGen      total 38400K, used 5097K [0x00000000e0000000, 0x00000000e2a80000, 0x0000000100000000)
  eden space 33280K, 0% used [0x00000000e0000000,0x00000000e0000000,0x00000000e2080000)
  from space 5120K, 99% used [0x00000000e2580000,0x00000000e2a7a650,0x00000000e2a80000)
  to   space 5120K, 0% used [0x00000000e2080000,0x00000000e2080000,0x00000000e2580000)
 ParOldGen       total 87552K, used 6276K [0x00000000a0000000, 0x00000000a5580000, 0x00000000e0000000)
  object space 87552K, 7% used [0x00000000a0000000,0x00000000a0621128,0x00000000a5580000)
 Metaspace       used 17673K, capacity 18108K, committed 18432K, reserved 1064960K
  class space    used 2542K, capacity 2690K, committed 2816K, reserved 1048576K
}
Event: 4.927 GC heap before
{Heap before GC invocations=5 (full 0):
 PSYoungGen      total 38400K, used 17922K [0x00000000e0000000, 0x00000000e2a80000, 0x0000000100000000)
  eden space 33280K, 38% used [0x00000000e0000000,0x00000000e0c86220,0x00000000e2080000)
  from space 5120K, 99% used [0x00000000e2580000,0x00000000e2a7a650,0x00000000e2a80000)
  to   space 5120K, 0% used [0x00000000e2080000,0x00000000e2080000,0x00000000e2580000)
 ParOldGen       total 87552K, used 6276K [0x00000000a0000000, 0x00000000a5580000, 0x00000000e0000000)
  object space 87552K, 7% used [0x00000000a0000000,0x00000000a0621128,0x00000000a5580000)
 Metaspace       used 20791K, capacity 21212K, committed 21248K, reserved 1067008K
  class space    used 2894K, capacity 3042K, committed 3072K, reserved 1048576K
Event: 4.938 GC heap after
Heap after GC invocations=5 (full 0):
 PSYoungGen      total 38400K, used 5091K [0x00000000e0000000, 0x00000000e2a80000, 0x0000000100000000)
  eden space 33280K, 0% used [0x00000000e0000000,0x00000000e0000000,0x00000000e2080000)
  from space 5120K, 99% used [0x00000000e2080000,0x00000000e2578e88,0x00000000e2580000)
  to   space 5120K, 0% used [0x00000000e2580000,0x00000000e2580000,0x00000000e2a80000)
 ParOldGen       total 87552K, used 8714K [0x00000000a0000000, 0x00000000a5580000, 0x00000000e0000000)
  object space 87552K, 9% used [0x00000000a0000000,0x00000000a0882ba8,0x00000000a5580000)
 Metaspace       used 20791K, capacity 21212K, committed 21248K, reserved 1067008K
  class space    used 2894K, capacity 3042K, committed 3072K, reserved 1048576K
}
Event: 4.938 GC heap before
{Heap before GC invocations=6 (full 1):
 PSYoungGen      total 38400K, used 5091K [0x00000000e0000000, 0x00000000e2a80000, 0x0000000100000000)
  eden space 33280K, 0% used [0x00000000e0000000,0x00000000e0000000,0x00000000e2080000)
  from space 5120K, 99% used [0x00000000e2080000,0x00000000e2578e88,0x00000000e2580000)
  to   space 5120K, 0% used [0x00000000e2580000,0x00000000e2580000,0x00000000e2a80000)
 ParOldGen       total 87552K, used 8714K [0x00000000a0000000, 0x00000000a5580000, 0x00000000e0000000)
  object space 87552K, 9% used [0x00000000a0000000,0x00000000a0882ba8,0x00000000a5580000)
 Metaspace       used 20791K, capacity 21212K, committed 21248K, reserved 1067008K
  class space    used 2894K, capacity 3042K, committed 3072K, reserved 1048576K
Event: 5.011 GC heap after
Heap after GC invocations=6 (full 1):
 PSYoungGen      total 38400K, used 0K [0x00000000e0000000, 0x00000000e2a80000, 0x0000000100000000)
  eden space 33280K, 0% used [0x00000000e0000000,0x00000000e0000000,0x00000000e2080000)
  from space 5120K, 0% used [0x00000000e2080000,0x00000000e2080000,0x00000000e2580000)
  to   space 5120K, 0% used [0x00000000e2580000,0x00000000e2580000,0x00000000e2a80000)
 ParOldGen       total 61952K, used 8127K [0x00000000a0000000, 0x00000000a3c80000, 0x00000000e0000000)
  object space 61952K, 13% used [0x00000000a0000000,0x00000000a07efd98,0x00000000a3c80000)
 Metaspace       used 20791K, capacity 21212K, committed 21248K, reserved 1067008K
  class space    used 2894K, capacity 3042K, committed 3072K, reserved 1048576K
}
Event: 5.800 GC heap before
{Heap before GC invocations=7 (full 1):
 PSYoungGen      total 38400K, used 33280K [0x00000000e0000000, 0x00000000e2a80000, 0x0000000100000000)
  eden space 33280K, 100% used [0x00000000e0000000,0x00000000e2080000,0x00000000e2080000)
  from space 5120K, 0% used [0x00000000e2080000,0x00000000e2080000,0x00000000e2580000)
  to   space 5120K, 0% used [0x00000000e2580000,0x00000000e2580000,0x00000000e2a80000)
 ParOldGen       total 61952K, used 8127K [0x00000000a0000000, 0x00000000a3c80000, 0x00000000e0000000)
  object space 61952K, 13% used [0x00000000a0000000,0x00000000a07efd98,0x00000000a3c80000)
 Metaspace       used 24174K, capacity 24620K, committed 24832K, reserved 1071104K
  class space    used 3323K, capacity 3467K, committed 3584K, reserved 1048576K
Event: 5.807 GC heap after
Heap after GC invocations=7 (full 1):
 PSYoungGen      total 33280K, used 4117K [0x00000000e0000000, 0x00000000e4480000, 0x0000000100000000)
  eden space 28160K, 0% used [0x00000000e0000000,0x00000000e0000000,0x00000000e1b80000)
  from space 5120K, 80% used [0x00000000e2580000,0x00000000e29855b8,0x00000000e2a80000)
  to   space 10240K, 0% used [0x00000000e1b80000,0x00000000e1b80000,0x00000000e2580000)
 ParOldGen       total 61952K, used 8135K [0x00000000a0000000, 0x00000000a3c80000, 0x00000000e0000000)
  object space 61952K, 13% used [0x00000000a0000000,0x00000000a07f1d98,0x00000000a3c80000)
 Metaspace       used 24174K, capacity 24620K, committed 24832K, reserved 1071104K
  class space    used 3323K, capacity 3467K, committed 3584K, reserved 1048576K
}

Deoptimization events (10 events):
Event: 5.253 Thread 0x0000000019ed2800 Uncommon trap: reason=class_check action=maybe_recompile pc=0x00000000036f2e60 method=sun.misc.URLClassPath.getLoader(I)Lsun/misc/URLClassPath$Loader; @ 239
Event: 5.546 Thread 0x0000000019ed2800 Uncommon trap: reason=unstable_if action=reinterpret pc=0x0000000003931760 method=java.util.HashMap.hash(Ljava/lang/Object;)I @ 1
Event: 5.546 Thread 0x0000000019ed2800 Uncommon trap: reason=unstable_if action=reinterpret pc=0x0000000003844928 method=java.util.HashMap.hash(Ljava/lang/Object;)I @ 1
Event: 5.705 Thread 0x0000000019ed2800 Uncommon trap: reason=unstable_if action=reinterpret pc=0x000000000391d67c method=java.util.HashMap.getNode(ILjava/lang/Object;)Ljava/util/HashMap$Node; @ 53
Event: 5.705 Thread 0x0000000019ed2800 Uncommon trap: reason=unstable_if action=reinterpret pc=0x0000000003978b50 method=java.util.HashMap.hash(Ljava/lang/Object;)I @ 1
Event: 5.784 Thread 0x0000000019ed2800 Uncommon trap: reason=class_check action=maybe_recompile pc=0x0000000003aaf4c0 method=java.lang.reflect.Method.equals(Ljava/lang/Object;)Z @ 5
Event: 5.791 Thread 0x0000000019ed2800 Uncommon trap: reason=class_check action=maybe_recompile pc=0x0000000003aaf4c0 method=java.lang.reflect.Method.equals(Ljava/lang/Object;)Z @ 5
Event: 5.907 Thread 0x0000000019ed2800 Uncommon trap: reason=unstable_if action=reinterpret pc=0x00000000037cb4b0 method=java.util.LinkedHashMap.afterNodeInsertion(Z)V @ 1
Event: 5.948 Thread 0x0000000019ed2800 Uncommon trap: reason=class_check action=maybe_recompile pc=0x0000000003aaf4c0 method=java.lang.reflect.Method.equals(Ljava/lang/Object;)Z @ 5
Event: 5.949 Thread 0x0000000019ed2800 Uncommon trap: reason=class_check action=maybe_recompile pc=0x0000000003aaf4c0 method=java.lang.reflect.Method.equals(Ljava/lang/Object;)Z @ 5

Classes redefined (0 events):
No events

Internal exceptions (10 events):
Event: 5.370 Thread 0x0000000019ed2800 Exception <a 'java/lang/ClassNotFoundException': org/gradle/api/internal/project/AbstractPluginAwareCustomizer> (0x00000000e0e2d830) thrown at [D:\src\AOSP-openjdk-cygwin\jdk8u\hotspot\src\share\vm\classfile\systemDictionary.cpp, line 210]
Event: 5.373 Thread 0x0000000019ed2800 Exception <a 'java/lang/ClassNotFoundException': org/gradle/initialization/DefaultSettingsCustomizer> (0x00000000e0e59648) thrown at [D:\src\AOSP-openjdk-cygwin\jdk8u\hotspot\src\share\vm\classfile\systemDictionary.cpp, line 210]
Event: 5.377 Thread 0x0000000019ed2800 Exception <a 'java/lang/ClassNotFoundException': org/gradle/initialization/DefaultSettings_DecoratedCustomizer> (0x00000000e0eb54c8) thrown at [D:\src\AOSP-openjdk-cygwin\jdk8u\hotspot\src\share\vm\classfile\systemDictionary.cpp, line 210]
Event: 5.391 Thread 0x0000000019ed2800 Exception <a 'java/lang/NoSuchMethodError': <clinit>> (0x00000000e0f696c0) thrown at [D:\src\AOSP-openjdk-cygwin\jdk8u\hotspot\src\share\vm\prims\jni.cpp, line 1613]
Event: 5.395 Thread 0x0000000019ed2800 Exception <a 'java/lang/NoSuchMethodError': <clinit>> (0x00000000e0f8ef48) thrown at [D:\src\AOSP-openjdk-cygwin\jdk8u\hotspot\src\share\vm\prims\jni.cpp, line 1613]
Event: 5.395 Thread 0x0000000019ed2800 Exception <a 'java/lang/NoSuchMethodError': <clinit>> (0x00000000e0f90400) thrown at [D:\src\AOSP-openjdk-cygwin\jdk8u\hotspot\src\share\vm\prims\jni.cpp, line 1613]
Event: 5.396 Thread 0x0000000019ed2800 Exception <a 'java/lang/NoSuchMethodError': <clinit>> (0x00000000e0f92160) thrown at [D:\src\AOSP-openjdk-cygwin\jdk8u\hotspot\src\share\vm\prims\jni.cpp, line 1613]
Event: 5.546 Thread 0x0000000019ed2800 Implicit null exception at 0x0000000003931555 to 0x0000000003931751
Event: 5.546 Thread 0x0000000019ed2800 Implicit null exception at 0x00000000038448af to 0x0000000003844919
Event: 5.705 Thread 0x0000000019ed2800 Implicit null exception at 0x00000000039786db to 0x0000000003978b35

Events (10 events):
Event: 6.018 loading class com/google/common/io/ByteStreams$FastByteArrayOutputStream
Event: 6.018 loading class com/google/common/io/ByteStreams$FastByteArrayOutputStream done
Event: 6.018 Executing VM operation: Deoptimize
Event: 6.019 Executing VM operation: Deoptimize done
Event: 6.019 loading class com/google/common/io/ByteStreams$LimitedInputStream
Event: 6.019 loading class com/google/common/io/ByteStreams$LimitedInputStream done
Event: 6.020 loading class com/google/common/io/ByteStreams$1
Event: 6.020 loading class com/google/common/io/ByteStreams$1 done
Event: 6.020 loading class org/objectweb/asm/ClassReader
Event: 6.020 loading class org/objectweb/asm/ClassReader done


Dynamic libraries:
0x00007ff6012a0000 - 0x00007ff6012d1000 	C:\Program Files\Android\Android Studio\jre\bin\java.exe
0x00007ff9e37e0000 - 0x00007ff9e39bb000 	C:\WINDOWS\SYSTEM32\ntdll.dll
0x00007ff9e2e60000 - 0x00007ff9e2f0e000 	C:\WINDOWS\System32\KERNEL32.DLL
0x00007ff9dfe70000 - 0x00007ff9e00ba000 	C:\WINDOWS\System32\KERNELBASE.dll
0x00007ff9e1180000 - 0x00007ff9e1221000 	C:\WINDOWS\System32\ADVAPI32.dll
0x00007ff9e2c70000 - 0x00007ff9e2d0d000 	C:\WINDOWS\System32\msvcrt.dll
0x00007ff9e3040000 - 0x00007ff9e3099000 	C:\WINDOWS\System32\sechost.dll
0x00007ff9e36b0000 - 0x00007ff9e37d5000 	C:\WINDOWS\System32\RPCRT4.dll
0x00007ff9e2d10000 - 0x00007ff9e2e5a000 	C:\WINDOWS\System32\USER32.dll
0x00007ff9dfe00000 - 0x00007ff9dfe1e000 	C:\WINDOWS\System32\win32u.dll
0x00007ff9e2b80000 - 0x00007ff9e2ba7000 	C:\WINDOWS\System32\GDI32.dll
0x00007ff9e0870000 - 0x00007ff9e09f8000 	C:\WINDOWS\System32\gdi32full.dll
0x00007ff9e0a00000 - 0x00007ff9e0a9a000 	C:\WINDOWS\System32\msvcp_win.dll
0x00007ff9dfd00000 - 0x00007ff9dfdf6000 	C:\WINDOWS\System32\ucrtbase.dll
0x00007ff9d2500000 - 0x00007ff9d2767000 	C:\WINDOWS\WinSxS\amd64_microsoft.windows.common-controls_6595b64144ccf1df_6.0.15063.1155_none_40c7922129a7722b\COMCTL32.dll
0x00007ff9e3210000 - 0x00007ff9e3509000 	C:\WINDOWS\System32\combase.dll
0x00007ff9e0cd0000 - 0x00007ff9e0d3a000 	C:\WINDOWS\System32\bcryptPrimitives.dll
0x00007ff9e2f10000 - 0x00007ff9e2f3d000 	C:\WINDOWS\System32\IMM32.DLL
0x00000000773e0000 - 0x00000000774b2000 	C:\Program Files\Android\Android Studio\jre\jre\bin\msvcr100.dll
0x0000000075d00000 - 0x000000007653f000 	C:\Program Files\Android\Android Studio\jre\jre\bin\server\jvm.dll
0x00007ff9e3000000 - 0x00007ff9e3008000 	C:\WINDOWS\System32\PSAPI.DLL
0x00007ff9dbb50000 - 0x00007ff9dbb59000 	C:\WINDOWS\SYSTEM32\WSOCK32.dll
0x00007ff9dcf60000 - 0x00007ff9dcf83000 	C:\WINDOWS\SYSTEM32\WINMM.dll
0x00007ff9d0680000 - 0x00007ff9d068a000 	C:\WINDOWS\SYSTEM32\VERSION.dll
0x00007ff9e12d0000 - 0x00007ff9e133c000 	C:\WINDOWS\System32\WS2_32.dll
0x00007ff9dcf30000 - 0x00007ff9dcf5b000 	C:\WINDOWS\SYSTEM32\winmmbase.dll
0x00007ff9dfe20000 - 0x00007ff9dfe69000 	C:\WINDOWS\System32\cfgmgr32.dll
0x00007ff9dcff0000 - 0x00007ff9dcfff000 	C:\Program Files\Android\Android Studio\jre\jre\bin\verify.dll
0x00007ff9d8190000 - 0x00007ff9d81b9000 	C:\Program Files\Android\Android Studio\jre\jre\bin\java.dll
0x00007ff9d8150000 - 0x00007ff9d8166000 	C:\Program Files\Android\Android Studio\jre\jre\bin\zip.dll
0x00007ff9e1550000 - 0x00007ff9e2989000 	C:\WINDOWS\System32\SHELL32.dll
0x00007ff9e1340000 - 0x00007ff9e13ea000 	C:\WINDOWS\System32\shcore.dll
0x00007ff9e00c0000 - 0x00007ff9e07b1000 	C:\WINDOWS\System32\windows.storage.dll
0x00007ff9e2c10000 - 0x00007ff9e2c61000 	C:\WINDOWS\System32\shlwapi.dll
0x00007ff9dfce0000 - 0x00007ff9dfcf1000 	C:\WINDOWS\System32\kernel.appcore.dll
0x00007ff9dfc70000 - 0x00007ff9dfcbc000 	C:\WINDOWS\System32\powrprof.dll
0x00007ff9dfc50000 - 0x00007ff9dfc65000 	C:\WINDOWS\System32\profapi.dll
0x00007ff9d8120000 - 0x00007ff9d813a000 	C:\Program Files\Android\Android Studio\jre\jre\bin\net.dll
0x00007ff9df500000 - 0x00007ff9df55c000 	C:\WINDOWS\system32\mswsock.dll
0x00007ff9d8100000 - 0x00007ff9d8111000 	C:\Program Files\Android\Android Studio\jre\jre\bin\nio.dll
0x00007ff9d4e70000 - 0x00007ff9d4e8e000 	C:\Users\hyeminJ\.gradle\native\25\windows-amd64\native-platform.dll
0x00007ff9dced0000 - 0x00007ff9dcedd000 	C:\Program Files\Android\Android Studio\jre\jre\bin\management.dll
0x00007ff9df6a0000 - 0x00007ff9df6b7000 	C:\WINDOWS\SYSTEM32\CRYPTSP.dll
0x00007ff9df120000 - 0x00007ff9df154000 	C:\WINDOWS\system32\rsaenh.dll
0x00007ff9dfb20000 - 0x00007ff9dfb45000 	C:\WINDOWS\SYSTEM32\bcrypt.dll
0x00007ff9dfb50000 - 0x00007ff9dfb79000 	C:\WINDOWS\SYSTEM32\USERENV.dll
0x00007ff9df6c0000 - 0x00007ff9df6cb000 	C:\WINDOWS\SYSTEM32\CRYPTBASE.dll
0x00007ff9df2a0000 - 0x00007ff9df2d7000 	C:\WINDOWS\SYSTEM32\IPHLPAPI.DLL
0x00007ff9e1540000 - 0x00007ff9e1548000 	C:\WINDOWS\System32\NSI.dll
0x00007ff9d2b30000 - 0x00007ff9d2b46000 	C:\WINDOWS\SYSTEM32\dhcpcsvc6.DLL
0x00007ff9d2b10000 - 0x00007ff9d2b2a000 	C:\WINDOWS\SYSTEM32\dhcpcsvc.DLL

VM Arguments:
jvm_args: -Xmx1536m -Dfile.encoding=x-windows-949 -Duser.country=KR -Duser.language=ko -Duser.variant 
java_command: org.gradle.launcher.daemon.bootstrap.GradleDaemon 4.4
java_class_path (initial): C:\Users\hyeminJ\.gradle\wrapper\dists\gradle-4.4-all\9br9xq1tocpiv8o6njlyu5op1\gradle-4.4\lib\gradle-launcher-4.4.jar
Launcher Type: SUN_STANDARD

Environment Variables:
JAVA_HOME=C:\Program Files\Java\jdk1.8.0_77
PATH=C:\ProgramData\Miniconda3;C:\ProgramData\Miniconda3\Library\mingw-w64\bin;C:\ProgramData\Miniconda3\Library\usr\bin;C:\ProgramData\Miniconda3\Library\bin;C:\ProgramData\Miniconda3\Scripts;C:\Program Files (x86)\Common Files\Oracle\Java\javapath;C:\ProgramData\Oracle\Java\javapath;C:\Program Files (x86)\Intel\iCLS Client\;C:\Program Files\Intel\iCLS Client\;C:\WINDOWS\system32;C:\WINDOWS;C:\WINDOWS\System32\Wbem;C:\WINDOWS\System32\WindowsPowerShell\v1.0\;C:\Program Files (x86)\Intel\Intel(R) Management Engine Components\DAL;C:\Program Files\Intel\Intel(R) Management Engine Components\DAL;C:\Program Files (x86)\Intel\Intel(R) Management Engine Components\IPT;C:\Program Files\Intel\Intel(R) Management Engine Components\IPT;C:\Program Files\Samsung\SamsungLink\AllShare Framework DMS\bin\;C:\Program Files\Java\jdk1.8.0_77\bin;C:\Program Files (x86)\ePapyrus\Papyrus-PlugIn-xfa;C:\Program Files (x86)\ePapyrus\Papyrus-PlugIn-xfa\Addins;C:\AndroidSDK\platform-tools;C:\Program Files\Git\cmd;C:\Users\hyeminJ\Downloads\apache-maven-3.5.3-bin\apache-maven-3.5.3\bin;C:\Users\hyeminJ\AppData\Local\Microsoft\WindowsApps;C:\Users\hyeminJ\AppData\Local\atom\bin
USERNAME=hyeminJ
OS=Windows_NT
PROCESSOR_IDENTIFIER=Intel64 Family 6 Model 78 Stepping 3, GenuineIntel



---------------  S Y S T E M  ---------------

OS: Windows 10.0 , 64 bit Build 15063 (10.0.15063.1058)

CPU:total 4 (initial active 4) (2 cores per cpu, 2 threads per core) family 6 model 78 stepping 3, cmov, cx8, fxsr, mmx, sse, sse2, sse3, ssse3, sse4.1, sse4.2, popcnt, aes, clmul, erms, 3dnowpref, lzcnt, ht, tsc, tscinvbit

Memory: 4k page, physical 8304512k(3145408k free), swap 15815956k(5216k free)

vm_info: OpenJDK 64-Bit Server VM (25.152-b02) for windows-amd64 JRE (1.8.0_152-release-1024-b02), built by "builder" with MS VC++ 10.0 (VS2010)

time: Thu Sep 06 17:41:01 2018
elapsed time: 6 seconds (0d 0h 0m 6s)

