#
# There is insufficient memory for the Java Runtime Environment to continue.
# Native memory allocation (malloc) failed to allocate 65552 bytes for Chunk::new
# Possible reasons:
#   The system is out of physical RAM or swap space
#   In 32 bit mode, the process size limit was hit
# Possible solutions:
#   Reduce memory load on the system
#   Increase physical memory or swap space
#   Check if swap backing store is full
#   Use 64 bit Java on a 64 bit OS
#   Decrease Java heap size (-Xmx/-Xms)
#   Decrease number of Java threads
#   Decrease Java thread stack sizes (-Xss)
#   Set larger code cache with -XX:ReservedCodeCacheSize=
# This output file may be truncated or incomplete.
#
#  Out of Memory Error (allocation.cpp:390), pid=8564, tid=0x0000000000005bc4
#
# JRE version: OpenJDK Runtime Environment (8.0_152-b02) (build 1.8.0_152-release-1024-b02)
# Java VM: OpenJDK 64-Bit Server VM (25.152-b02 mixed mode windows-amd64 compressed oops)
# Failed to write core dump. Minidumps are not enabled by default on client versions of Windows
#

---------------  T H R E A D  ---------------

Current thread (0x000000001630a000):  JavaThread "C2 CompilerThread0" daemon [_thread_in_native, id=23492, stack(0x0000000017c10000,0x0000000017d10000)]

Stack: [0x0000000017c10000,0x0000000017d10000]
[error occurred during error reporting (printing stack bounds), id 0xc0000005]

Native frames: (J=compiled Java code, j=interpreted, Vv=VM code, C=native code)


Current CompileTask:
C2:  21725 7199   !   4       com.sun.tools.javac.parser.JavaTokenizer::readToken (2243 bytes)


---------------  P R O C E S S  ---------------

Java Threads: ( => current thread )
  0x000000001c886800 JavaThread "Cache worker for Java compile cache (C:\Users\hyeminJ\AndroidStudioProjects\SYolo\.gradle\4.4\javaCompile)" [_thread_blocked, id=27292, stack(0x0000000022ed0000,0x0000000022fd0000)]
  0x000000001c884800 JavaThread "Task worker for ':' Thread 3" [_thread_blocked, id=976, stack(0x0000000022bd0000,0x0000000022cd0000)]
  0x000000001c87c800 JavaThread "Task worker for ':' Thread 2" [_thread_blocked, id=33220, stack(0x0000000021a80000,0x0000000021b80000)]
  0x000000001c883800 JavaThread "Task worker for ':'" [_thread_blocked, id=35188, stack(0x0000000021980000,0x0000000021a80000)]
  0x000000001c87c000 JavaThread "Cache worker for Build Output Cleanup Cache (C:\Users\hyeminJ\AndroidStudioProjects\SYolo\.gradle\buildOutputCleanup)" [_thread_blocked, id=15484, stack(0x0000000021880000,0x0000000021980000)]
  0x000000001c882800 JavaThread "Cache worker for task history cache (C:\Users\hyeminJ\AndroidStudioProjects\SYolo\.gradle\4.4\taskHistory)" [_thread_blocked, id=22944, stack(0x0000000021780000,0x0000000021880000)]
  0x000000001c87b000 JavaThread "Cache worker for file content cache (C:\Users\hyeminJ\AndroidStudioProjects\SYolo\.gradle\4.4\fileContent)" [_thread_blocked, id=31860, stack(0x0000000020a50000,0x0000000020b50000)]
  0x000000001c87f000 JavaThread "Memory manager" [_thread_blocked, id=31756, stack(0x0000000020750000,0x0000000020850000)]
  0x000000001c882000 JavaThread "pool-1-thread-1" [_thread_blocked, id=11756, stack(0x0000000020450000,0x0000000020550000)]
  0x000000001b8d7000 JavaThread "build operations Thread 4" [_thread_blocked, id=5184, stack(0x000000001ff50000,0x0000000020050000)]
  0x000000001b8d6800 JavaThread "build operations Thread 3" [_thread_blocked, id=26204, stack(0x000000001fe50000,0x000000001ff50000)]
  0x000000001b8d5000 JavaThread "build operations Thread 2" [_thread_blocked, id=17888, stack(0x000000001fd50000,0x000000001fe50000)]
  0x000000001b8d3000 JavaThread "build operations" [_thread_blocked, id=31908, stack(0x000000001fc50000,0x000000001fd50000)]
  0x000000001b8d4000 JavaThread "Cache worker for Artifact transforms cache (C:\Users\hyeminJ\.gradle\caches\transforms-1)" [_thread_blocked, id=15196, stack(0x000000001f4d0000,0x000000001f5d0000)]
  0x000000001ae0d800 JavaThread "Cache worker for file hash cache (C:\Users\hyeminJ\AndroidStudioProjects\SYolo\.gradle\4.4\fileHashes)" [_thread_blocked, id=30712, stack(0x000000001bcb0000,0x000000001bdb0000)]
  0x0000000019210800 JavaThread "File lock request listener" [_thread_in_native, id=24248, stack(0x000000001abe0000,0x000000001ace0000)]
  0x0000000019422800 JavaThread "Cache worker for file hash cache (C:\Users\hyeminJ\.gradle\caches\4.4\fileHashes)" [_thread_blocked, id=27816, stack(0x000000001aae0000,0x000000001abe0000)]
  0x0000000019381800 JavaThread "Stdin handler" [_thread_blocked, id=16984, stack(0x000000001a7e0000,0x000000001a8e0000)]
  0x0000000019381000 JavaThread "Asynchronous log dispatcher for DefaultDaemonConnection: socket connection from /127.0.0.1:61329 to /127.0.0.1:61330" [_thread_blocked, id=31584, stack(0x000000001a6e0000,0x000000001a7e0000)]
  0x000000001937a800 JavaThread "Daemon worker" [_thread_in_Java, id=32448, stack(0x000000001a5e0000,0x000000001a6e0000)]
  0x0000000019239800 JavaThread "Cancel handler" [_thread_blocked, id=23680, stack(0x000000001a4e0000,0x000000001a5e0000)]
  0x000000001936e000 JavaThread "Handler for socket connection from /127.0.0.1:61329 to /127.0.0.1:61330" [_thread_in_native, id=7116, stack(0x000000001a1e0000,0x000000001a2e0000)]
  0x0000000019369800 JavaThread "Daemon" [_thread_blocked, id=17008, stack(0x000000001a0e0000,0x000000001a1e0000)]
  0x0000000018f80800 JavaThread "Daemon periodic checks" [_thread_blocked, id=5212, stack(0x0000000019fe0000,0x000000001a0e0000)]
  0x0000000018f71000 JavaThread "Incoming local TCP Connector on port 61329" [_thread_in_native, id=12440, stack(0x0000000019ae0000,0x0000000019be0000)]
  0x000000001769c800 JavaThread "Service Thread" daemon [_thread_blocked, id=9724, stack(0x0000000017f10000,0x0000000018010000)]
  0x0000000017621800 JavaThread "C1 CompilerThread2" daemon [_thread_in_vm, id=35156, stack(0x0000000017e10000,0x0000000017f10000)]
  0x000000001630e000 JavaThread "C2 CompilerThread1" daemon [_thread_in_native, id=34352, stack(0x0000000017d10000,0x0000000017e10000)]
=>0x000000001630a000 JavaThread "C2 CompilerThread0" daemon [_thread_in_native, id=23492, stack(0x0000000017c10000,0x0000000017d10000)]
  0x00000000162be000 JavaThread "Attach Listener" daemon [_thread_blocked, id=11252, stack(0x0000000017b10000,0x0000000017c10000)]
  0x0000000017618800 JavaThread "Signal Dispatcher" daemon [_thread_blocked, id=15096, stack(0x0000000017a10000,0x0000000017b10000)]
  0x0000000016298800 JavaThread "Finalizer" daemon [_thread_blocked, id=30304, stack(0x0000000017510000,0x0000000017610000)]
  0x0000000002931000 JavaThread "Reference Handler" daemon [_thread_blocked, id=33148, stack(0x0000000017410000,0x0000000017510000)]
  0x000000000273e800 JavaThread "main" [_thread_blocked, id=25044, stack(0x0000000002740000,0x0000000002840000)]

Other Threads:
  0x0000000016275800 VMThread [stack: 0x0000000017310000,0x0000000017410000] [id=27284]
  0x00000000176b5800 WatcherThread [stack: 0x0000000018010000,0x0000000018110000] [id=26752]

VM state:not at safepoint (normal execution)

VM Mutex/Monitor currently owned by a thread: None

Heap:
 PSYoungGen      total 169984K, used 7849K [0x00000000e0000000, 0x00000000edd80000, 0x0000000100000000)
  eden space 153600K, 5% used [0x00000000e0000000,0x00000000e07aa5b0,0x00000000e9600000)
  from space 16384K, 0% used [0x00000000e9600000,0x00000000e9600000,0x00000000ea600000)
  to   space 17408K, 0% used [0x00000000ecc80000,0x00000000ecc80000,0x00000000edd80000)
 ParOldGen       total 139776K, used 38967K [0x00000000a0000000, 0x00000000a8880000, 0x00000000e0000000)
  object space 139776K, 27% used [0x00000000a0000000,0x00000000a260dfc8,0x00000000a8880000)
 Metaspace       used 58609K, capacity 60370K, committed 60544K, reserved 1101824K
  class space    used 8013K, capacity 8481K, committed 8576K, reserved 1048576K

Card table byte_map: [0x0000000011d00000,0x0000000012010000] byte_map_base: 0x0000000011800000

Marking Bits: (ParMarkBitMap*) 0x00000000764c4970
 Begin Bits: [0x0000000012610000, 0x0000000013e10000)
 End Bits:   [0x0000000013e10000, 0x0000000015610000)

Polling page: 0x00000000005f0000

CodeCache: size=245760Kb used=20933Kb max_used=21303Kb free=224826Kb
 bounds [0x0000000002940000, 0x0000000003e90000, 0x0000000011940000]
 total_blobs=7114 nmethods=6329 adapters=699
 compilation: enabled

Compilation events (10 events):
Event: 21.710 Thread 0x0000000017621800 nmethod 7245 0x0000000002cf9e50 code [0x0000000002cf9fc0, 0x0000000002cfa1e8]
Event: 21.710 Thread 0x0000000017621800 7236       3       com.sun.tools.javac.parser.JavacParser::arguments (37 bytes)
Event: 21.711 Thread 0x0000000017621800 nmethod 7236 0x00000000035439d0 code [0x0000000003543ba0, 0x0000000003544378]
Event: 21.711 Thread 0x0000000017621800 7248       3       com.sun.tools.javac.tree.TreeMaker::Literal (20 bytes)
Event: 21.711 Thread 0x0000000017621800 nmethod 7248 0x0000000003543350 code [0x00000000035434c0, 0x0000000003543810]
Event: 21.711 Thread 0x0000000017621800 7238       3       com.sun.tools.javac.parser.JavacParser::checkExprStat (42 bytes)
Event: 21.712 Thread 0x0000000017621800 nmethod 7238 0x0000000002df92d0 code [0x0000000002df9520, 0x0000000002dfa1d8]
Event: 21.712 Thread 0x0000000017621800 7249       3       com.sun.tools.javac.tree.JCTree$JCLiteral::<init> (15 bytes)
Event: 21.713 Thread 0x0000000017621800 nmethod 7249 0x00000000033b66d0 code [0x00000000033b6840, 0x00000000033b6ad0]
Event: 21.713 Thread 0x0000000017621800 7250   !   3       com.sun.tools.javac.parser.JavacParser::literal (680 bytes)

GC Heap History (10 events):
Event: 11.428 GC heap before
{Heap before GC invocations=12 (full 2):
 PSYoungGen      total 101376K, used 90112K [0x00000000e0000000, 0x00000000e9380000, 0x0000000100000000)
  eden space 90112K, 100% used [0x00000000e0000000,0x00000000e5800000,0x00000000e5800000)
  from space 11264K, 0% used [0x00000000e5800000,0x00000000e5800000,0x00000000e6300000)
  to   space 10752K, 0% used [0x00000000e8900000,0x00000000e8900000,0x00000000e9380000)
 ParOldGen       total 87040K, used 15007K [0x00000000a0000000, 0x00000000a5500000, 0x00000000e0000000)
  object space 87040K, 17% used [0x00000000a0000000,0x00000000a0ea7e68,0x00000000a5500000)
 Metaspace       used 40238K, capacity 41118K, committed 41344K, reserved 1085440K
  class space    used 5483K, capacity 5737K, committed 5760K, reserved 1048576K
Event: 11.440 GC heap after
Heap after GC invocations=12 (full 2):
 PSYoungGen      total 129536K, used 9776K [0x00000000e0000000, 0x00000000e9300000, 0x0000000100000000)
  eden space 119296K, 0% used [0x00000000e0000000,0x00000000e0000000,0x00000000e7480000)
  from space 10240K, 95% used [0x00000000e8900000,0x00000000e928c3c8,0x00000000e9300000)
  to   space 11776K, 0% used [0x00000000e7c00000,0x00000000e7c00000,0x00000000e8780000)
 ParOldGen       total 87040K, used 15015K [0x00000000a0000000, 0x00000000a5500000, 0x00000000e0000000)
  object space 87040K, 17% used [0x00000000a0000000,0x00000000a0ea9e68,0x00000000a5500000)
 Metaspace       used 40238K, capacity 41118K, committed 41344K, reserved 1085440K
  class space    used 5483K, capacity 5737K, committed 5760K, reserved 1048576K
}
Event: 14.120 GC heap before
{Heap before GC invocations=13 (full 2):
 PSYoungGen      total 129536K, used 129072K [0x00000000e0000000, 0x00000000e9300000, 0x0000000100000000)
  eden space 119296K, 100% used [0x00000000e0000000,0x00000000e7480000,0x00000000e7480000)
  from space 10240K, 95% used [0x00000000e8900000,0x00000000e928c3c8,0x00000000e9300000)
  to   space 11776K, 0% used [0x00000000e7c00000,0x00000000e7c00000,0x00000000e8780000)
 ParOldGen       total 87040K, used 15015K [0x00000000a0000000, 0x00000000a5500000, 0x00000000e0000000)
  object space 87040K, 17% used [0x00000000a0000000,0x00000000a0ea9e68,0x00000000a5500000)
 Metaspace       used 49866K, capacity 51386K, committed 51584K, reserved 1093632K
  class space    used 6784K, capacity 7187K, committed 7296K, reserved 1048576K
Event: 14.142 GC heap after
Heap after GC invocations=13 (full 2):
 PSYoungGen      total 138752K, used 11757K [0x00000000e0000000, 0x00000000eb500000, 0x0000000100000000)
  eden space 126976K, 0% used [0x00000000e0000000,0x00000000e0000000,0x00000000e7c00000)
  from space 11776K, 99% used [0x00000000e7c00000,0x00000000e877b620,0x00000000e8780000)
  to   space 15360K, 0% used [0x00000000ea600000,0x00000000ea600000,0x00000000eb500000)
 ParOldGen       total 87040K, used 21623K [0x00000000a0000000, 0x00000000a5500000, 0x00000000e0000000)
  object space 87040K, 24% used [0x00000000a0000000,0x00000000a151dd40,0x00000000a5500000)
 Metaspace       used 49866K, capacity 51386K, committed 51584K, reserved 1093632K
  class space    used 6784K, capacity 7187K, committed 7296K, reserved 1048576K
}
Event: 17.686 GC heap before
{Heap before GC invocations=14 (full 2):
 PSYoungGen      total 138752K, used 138733K [0x00000000e0000000, 0x00000000eb500000, 0x0000000100000000)
  eden space 126976K, 100% used [0x00000000e0000000,0x00000000e7c00000,0x00000000e7c00000)
  from space 11776K, 99% used [0x00000000e7c00000,0x00000000e877b620,0x00000000e8780000)
  to   space 15360K, 0% used [0x00000000ea600000,0x00000000ea600000,0x00000000eb500000)
 ParOldGen       total 87040K, used 21623K [0x00000000a0000000, 0x00000000a5500000, 0x00000000e0000000)
  object space 87040K, 24% used [0x00000000a0000000,0x00000000a151dd40,0x00000000a5500000)
 Metaspace       used 54613K, capacity 56476K, committed 56576K, reserved 1097728K
  class space    used 7495K, capacity 7928K, committed 7936K, reserved 1048576K
Event: 17.725 GC heap after
Heap after GC invocations=14 (full 2):
 PSYoungGen      total 168960K, used 13154K [0x00000000e0000000, 0x00000000ebe80000, 0x0000000100000000)
  eden space 153600K, 0% used [0x00000000e0000000,0x00000000e0000000,0x00000000e9600000)
  from space 15360K, 85% used [0x00000000ea600000,0x00000000eb2d8818,0x00000000eb500000)
  to   space 16384K, 0% used [0x00000000e9600000,0x00000000e9600000,0x00000000ea600000)
 ParOldGen       total 87040K, used 27839K [0x00000000a0000000, 0x00000000a5500000, 0x00000000e0000000)
  object space 87040K, 31% used [0x00000000a0000000,0x00000000a1b2ff18,0x00000000a5500000)
 Metaspace       used 54613K, capacity 56476K, committed 56576K, reserved 1097728K
  class space    used 7495K, capacity 7928K, committed 7936K, reserved 1048576K
}
Event: 20.947 GC heap before
{Heap before GC invocations=15 (full 2):
 PSYoungGen      total 168960K, used 79901K [0x00000000e0000000, 0x00000000ebe80000, 0x0000000100000000)
  eden space 153600K, 43% used [0x00000000e0000000,0x00000000e412eec8,0x00000000e9600000)
  from space 15360K, 85% used [0x00000000ea600000,0x00000000eb2d8818,0x00000000eb500000)
  to   space 16384K, 0% used [0x00000000e9600000,0x00000000e9600000,0x00000000ea600000)
 ParOldGen       total 87040K, used 27839K [0x00000000a0000000, 0x00000000a5500000, 0x00000000e0000000)
  object space 87040K, 31% used [0x00000000a0000000,0x00000000a1b2ff18,0x00000000a5500000)
 Metaspace       used 56946K, capacity 58770K, committed 59008K, reserved 1099776K
  class space    used 7828K, capacity 8289K, committed 8320K, reserved 1048576K
Event: 20.966 GC heap after
Heap after GC invocations=15 (full 2):
 PSYoungGen      total 169984K, used 13264K [0x00000000e0000000, 0x00000000edd80000, 0x0000000100000000)
  eden space 153600K, 0% used [0x00000000e0000000,0x00000000e0000000,0x00000000e9600000)
  from space 16384K, 80% used [0x00000000e9600000,0x00000000ea2f41a8,0x00000000ea600000)
  to   space 17408K, 0% used [0x00000000ecc80000,0x00000000ecc80000,0x00000000edd80000)
 ParOldGen       total 87040K, used 27847K [0x00000000a0000000, 0x00000000a5500000, 0x00000000e0000000)
  object space 87040K, 31% used [0x00000000a0000000,0x00000000a1b31f18,0x00000000a5500000)
 Metaspace       used 56946K, capacity 58770K, committed 59008K, reserved 1099776K
  class space    used 7828K, capacity 8289K, committed 8320K, reserved 1048576K
}
Event: 20.966 GC heap before
{Heap before GC invocations=16 (full 3):
 PSYoungGen      total 169984K, used 13264K [0x00000000e0000000, 0x00000000edd80000, 0x0000000100000000)
  eden space 153600K, 0% used [0x00000000e0000000,0x00000000e0000000,0x00000000e9600000)
  from space 16384K, 80% used [0x00000000e9600000,0x00000000ea2f41a8,0x00000000ea600000)
  to   space 17408K, 0% used [0x00000000ecc80000,0x00000000ecc80000,0x00000000edd80000)
 ParOldGen       total 87040K, used 27847K [0x00000000a0000000, 0x00000000a5500000, 0x00000000e0000000)
  object space 87040K, 31% used [0x00000000a0000000,0x00000000a1b31f18,0x00000000a5500000)
 Metaspace       used 56946K, capacity 58770K, committed 59008K, reserved 1099776K
  class space    used 7828K, capacity 8289K, committed 8320K, reserved 1048576K
Event: 21.375 GC heap after
Heap after GC invocations=16 (full 3):
 PSYoungGen      total 169984K, used 0K [0x00000000e0000000, 0x00000000edd80000, 0x0000000100000000)
  eden space 153600K, 0% used [0x00000000e0000000,0x00000000e0000000,0x00000000e9600000)
  from space 16384K, 0% used [0x00000000e9600000,0x00000000e9600000,0x00000000ea600000)
  to   space 17408K, 0% used [0x00000000ecc80000,0x00000000ecc80000,0x00000000edd80000)
 ParOldGen       total 139776K, used 38967K [0x00000000a0000000, 0x00000000a8880000, 0x00000000e0000000)
  object space 139776K, 27% used [0x00000000a0000000,0x00000000a260dfc8,0x00000000a8880000)
 Metaspace       used 56946K, capacity 58770K, committed 59008K, reserved 1099776K
  class space    used 7828K, capacity 8289K, committed 8320K, reserved 1048576K
}

Deoptimization events (10 events):
Event: 20.856 Thread 0x000000001937a800 Uncommon trap: reason=class_check action=maybe_recompile pc=0x0000000003892660 method=java.util.regex.Matcher.search(I)Z @ 86
Event: 20.856 Thread 0x000000001937a800 Uncommon trap: reason=class_check action=maybe_recompile pc=0x0000000003892660 method=java.util.regex.Matcher.search(I)Z @ 86
Event: 20.856 Thread 0x000000001937a800 Uncommon trap: reason=class_check action=maybe_recompile pc=0x0000000003892660 method=java.util.regex.Matcher.search(I)Z @ 86
Event: 20.856 Thread 0x000000001937a800 Uncommon trap: reason=class_check action=maybe_recompile pc=0x00000000037b9f48 method=java.util.regex.Matcher.search(I)Z @ 86
Event: 20.856 Thread 0x000000001937a800 Uncommon trap: reason=class_check action=maybe_recompile pc=0x000000000379b690 method=java.util.regex.Matcher.search(I)Z @ 86
Event: 21.576 Thread 0x000000001937a800 Uncommon trap: reason=unstable_if action=reinterpret pc=0x00000000035b0d4c method=java.lang.StringCoding$StringDecoder.decode([BII)[C @ 20
Event: 21.611 Thread 0x000000001937a800 Uncommon trap: reason=unstable_if action=reinterpret pc=0x000000000313a7b0 method=sun.nio.cs.UTF_8$Decoder.decodeArrayLoop(Ljava/nio/ByteBuffer;Ljava/nio/CharBuffer;)Ljava/nio/charset/CoderResult; @ 84
Event: 21.618 Thread 0x000000001937a800 Uncommon trap: reason=unstable_if action=reinterpret pc=0x0000000002e1ab7c method=sun.nio.cs.UTF_8$Decoder.decodeArrayLoop(Ljava/nio/ByteBuffer;Ljava/nio/CharBuffer;)Ljava/nio/charset/CoderResult; @ 84
Event: 21.645 Thread 0x000000001937a800 Uncommon trap: reason=unstable_if action=reinterpret pc=0x0000000003a64248 method=com.sun.tools.javac.parser.UnicodeReader.scanChar()V @ 37
Event: 21.714 Thread 0x000000001937a800 Uncommon trap: reason=unstable_if action=reinterpret pc=0x000000000353cc78 method=java.lang.CharacterData.of(I)Ljava/lang/CharacterData; @ 4

Classes redefined (0 events):
No events

Internal exceptions (10 events):
Event: 15.192 Thread 0x000000001937a800 Exception <a 'java/lang/ClassNotFoundException': org/gradle/model/internal/core/NodeBackedModelMapCustomizer> (0x00000000e306f408) thrown at [D:\src\AOSP-openjdk-cygwin\jdk8u\hotspot\src\share\vm\classfile\systemDictionary.cpp, line 210]
Event: 15.193 Thread 0x000000001937a800 Exception <a 'java/lang/ClassNotFoundException': org/gradle/platform/base/BinaryContainer_ImplCustomizer> (0x00000000e30d1f78) thrown at [D:\src\AOSP-openjdk-cygwin\jdk8u\hotspot\src\share\vm\classfile\systemDictionary.cpp, line 210]
Event: 15.417 Thread 0x000000001937a800 Exception <a 'java/lang/NoSuchMethodError': <clinit>> (0x00000000e3b511c0) thrown at [D:\src\AOSP-openjdk-cygwin\jdk8u\hotspot\src\share\vm\prims\jni.cpp, line 1613]
Event: 15.418 Thread 0x000000001937a800 Exception <a 'java/lang/NoSuchMethodError': <clinit>> (0x00000000e3b5fd70) thrown at [D:\src\AOSP-openjdk-cygwin\jdk8u\hotspot\src\share\vm\prims\jni.cpp, line 1613]
Event: 15.436 Thread 0x000000001937a800 Exception <a 'java/lang/NoSuchMethodError': <clinit>> (0x00000000e3be0218) thrown at [D:\src\AOSP-openjdk-cygwin\jdk8u\hotspot\src\share\vm\prims\jni.cpp, line 1613]
Event: 15.438 Thread 0x000000001937a800 Exception <a 'java/lang/NoSuchMethodError': <clinit>> (0x00000000e3bfbf18) thrown at [D:\src\AOSP-openjdk-cygwin\jdk8u\hotspot\src\share\vm\prims\jni.cpp, line 1613]
Event: 15.439 Thread 0x000000001937a800 Exception <a 'java/lang/NoSuchMethodError': <clinit>> (0x00000000e3bfdd80) thrown at [D:\src\AOSP-openjdk-cygwin\jdk8u\hotspot\src\share\vm\prims\jni.cpp, line 1613]
Event: 15.497 Thread 0x000000001937a800 Implicit null exception at 0x0000000002f1a322 to 0x0000000002f1a861
Event: 17.570 Thread 0x000000001c884800 Exception <a 'java/lang/NoSuchMethodError': <clinit>> (0x00000000e3e06260) thrown at [D:\src\AOSP-openjdk-cygwin\jdk8u\hotspot\src\share\vm\prims\jni.cpp, line 1613]
Event: 17.573 Thread 0x000000001c884800 Exception <a 'java/lang/NoSuchMethodError': <clinit>> (0x00000000e3e0fe98) thrown at [D:\src\AOSP-openjdk-cygwin\jdk8u\hotspot\src\share\vm\prims\jni.cpp, line 1613]

Events (10 events):
Event: 21.645 Thread 0x000000001937a800 Uncommon trap: trap_request=0xffffff65 fr.pc=0x0000000003a64248
Event: 21.645 Thread 0x000000001937a800 DEOPT PACKING pc=0x0000000003a64248 sp=0x000000001a6d96b0
Event: 21.645 Thread 0x000000001937a800 DEOPT UNPACKING pc=0x000000000298557b sp=0x000000001a6d9658 mode 2
Event: 21.714 Thread 0x000000001937a800 Uncommon trap: trap_request=0xffffff65 fr.pc=0x000000000353cc78
Event: 21.714 Thread 0x000000001937a800 DEOPT PACKING pc=0x000000000353cc78 sp=0x000000001a6d99c0
Event: 21.714 Thread 0x000000001937a800 DEOPT UNPACKING pc=0x000000000298557b sp=0x000000001a6d98b8 mode 2
Event: 21.714 loading class java/lang/CharacterData00
Event: 21.715 loading class java/lang/CharacterData00 done
Event: 21.715 Executing VM operation: Deoptimize
Event: 21.716 Executing VM operation: Deoptimize done


Dynamic libraries:
0x00007ff6012a0000 - 0x00007ff6012d1000 	C:\Program Files\Android\Android Studio\jre\bin\java.exe
0x00007ff9e37e0000 - 0x00007ff9e39bb000 	C:\WINDOWS\SYSTEM32\ntdll.dll
0x00007ff9e2e60000 - 0x00007ff9e2f0e000 	C:\WINDOWS\System32\KERNEL32.DLL
0x00007ff9dfe70000 - 0x00007ff9e00ba000 	C:\WINDOWS\System32\KERNELBASE.dll
0x00007ff9e1180000 - 0x00007ff9e1221000 	C:\WINDOWS\System32\ADVAPI32.dll
0x00007ff9e2c70000 - 0x00007ff9e2d0d000 	C:\WINDOWS\System32\msvcrt.dll
0x00007ff9e3040000 - 0x00007ff9e3099000 	C:\WINDOWS\System32\sechost.dll
0x00007ff9e36b0000 - 0x00007ff9e37d5000 	C:\WINDOWS\System32\RPCRT4.dll
0x00007ff9e2d10000 - 0x00007ff9e2e5a000 	C:\WINDOWS\System32\USER32.dll
0x00007ff9dfe00000 - 0x00007ff9dfe1e000 	C:\WINDOWS\System32\win32u.dll
0x00007ff9e2b80000 - 0x00007ff9e2ba7000 	C:\WINDOWS\System32\GDI32.dll
0x00007ff9e0870000 - 0x00007ff9e09f8000 	C:\WINDOWS\System32\gdi32full.dll
0x00007ff9e0a00000 - 0x00007ff9e0a9a000 	C:\WINDOWS\System32\msvcp_win.dll
0x00007ff9dfd00000 - 0x00007ff9dfdf6000 	C:\WINDOWS\System32\ucrtbase.dll
0x00007ff9d2500000 - 0x00007ff9d2767000 	C:\WINDOWS\WinSxS\amd64_microsoft.windows.common-controls_6595b64144ccf1df_6.0.15063.1155_none_40c7922129a7722b\COMCTL32.dll
0x00007ff9e3210000 - 0x00007ff9e3509000 	C:\WINDOWS\System32\combase.dll
0x00007ff9e0cd0000 - 0x00007ff9e0d3a000 	C:\WINDOWS\System32\bcryptPrimitives.dll
0x00007ff9e2f10000 - 0x00007ff9e2f3d000 	C:\WINDOWS\System32\IMM32.DLL
0x00000000773e0000 - 0x00000000774b2000 	C:\Program Files\Android\Android Studio\jre\jre\bin\msvcr100.dll
0x0000000075d00000 - 0x000000007653f000 	C:\Program Files\Android\Android Studio\jre\jre\bin\server\jvm.dll
0x00007ff9e3000000 - 0x00007ff9e3008000 	C:\WINDOWS\System32\PSAPI.DLL
0x00007ff9dcf60000 - 0x00007ff9dcf83000 	C:\WINDOWS\SYSTEM32\WINMM.dll
0x00007ff9dbb50000 - 0x00007ff9dbb59000 	C:\WINDOWS\SYSTEM32\WSOCK32.dll
0x00007ff9e12d0000 - 0x00007ff9e133c000 	C:\WINDOWS\System32\WS2_32.dll
0x00007ff9d0680000 - 0x00007ff9d068a000 	C:\WINDOWS\SYSTEM32\VERSION.dll
0x00007ff9dcf30000 - 0x00007ff9dcf5b000 	C:\WINDOWS\SYSTEM32\WINMMBASE.dll
0x00007ff9dfe20000 - 0x00007ff9dfe69000 	C:\WINDOWS\System32\cfgmgr32.dll
0x00007ff9dcff0000 - 0x00007ff9dcfff000 	C:\Program Files\Android\Android Studio\jre\jre\bin\verify.dll
0x00007ff9d8190000 - 0x00007ff9d81b9000 	C:\Program Files\Android\Android Studio\jre\jre\bin\java.dll
0x00007ff9d8150000 - 0x00007ff9d8166000 	C:\Program Files\Android\Android Studio\jre\jre\bin\zip.dll
0x00007ff9e1550000 - 0x00007ff9e2989000 	C:\WINDOWS\System32\SHELL32.dll
0x00007ff9e1340000 - 0x00007ff9e13ea000 	C:\WINDOWS\System32\shcore.dll
0x00007ff9e00c0000 - 0x00007ff9e07b1000 	C:\WINDOWS\System32\windows.storage.dll
0x00007ff9e2c10000 - 0x00007ff9e2c61000 	C:\WINDOWS\System32\shlwapi.dll
0x00007ff9dfce0000 - 0x00007ff9dfcf1000 	C:\WINDOWS\System32\kernel.appcore.dll
0x00007ff9dfc70000 - 0x00007ff9dfcbc000 	C:\WINDOWS\System32\powrprof.dll
0x00007ff9dfc50000 - 0x00007ff9dfc65000 	C:\WINDOWS\System32\profapi.dll
0x00007ff9d8120000 - 0x00007ff9d813a000 	C:\Program Files\Android\Android Studio\jre\jre\bin\net.dll
0x00007ff9df500000 - 0x00007ff9df55c000 	C:\WINDOWS\system32\mswsock.dll
0x00007ff9d8100000 - 0x00007ff9d8111000 	C:\Program Files\Android\Android Studio\jre\jre\bin\nio.dll
0x00007ff9d4e70000 - 0x00007ff9d4e8e000 	C:\Users\hyeminJ\.gradle\native\25\windows-amd64\native-platform.dll
0x00007ff9dced0000 - 0x00007ff9dcedd000 	C:\Program Files\Android\Android Studio\jre\jre\bin\management.dll
0x00007ff9df6a0000 - 0x00007ff9df6b7000 	C:\WINDOWS\SYSTEM32\CRYPTSP.dll
0x00007ff9df120000 - 0x00007ff9df154000 	C:\WINDOWS\system32\rsaenh.dll
0x00007ff9dfb20000 - 0x00007ff9dfb45000 	C:\WINDOWS\SYSTEM32\bcrypt.dll
0x00007ff9dfb50000 - 0x00007ff9dfb79000 	C:\WINDOWS\SYSTEM32\USERENV.dll
0x00007ff9df6c0000 - 0x00007ff9df6cb000 	C:\WINDOWS\SYSTEM32\CRYPTBASE.dll
0x00007ff9df2a0000 - 0x00007ff9df2d7000 	C:\WINDOWS\SYSTEM32\IPHLPAPI.DLL
0x00007ff9e1540000 - 0x00007ff9e1548000 	C:\WINDOWS\System32\NSI.dll
0x00007ff9d2b30000 - 0x00007ff9d2b46000 	C:\WINDOWS\SYSTEM32\dhcpcsvc6.DLL
0x00007ff9d2b10000 - 0x00007ff9d2b2a000 	C:\WINDOWS\SYSTEM32\dhcpcsvc.DLL

VM Arguments:
jvm_args: -Xmx1536m -Dfile.encoding=x-windows-949 -Duser.country=KR -Duser.language=ko -Duser.variant 
java_command: org.gradle.launcher.daemon.bootstrap.GradleDaemon 4.4
java_class_path (initial): C:\Users\hyeminJ\.gradle\wrapper\dists\gradle-4.4-all\9br9xq1tocpiv8o6njlyu5op1\gradle-4.4\lib\gradle-launcher-4.4.jar
Launcher Type: SUN_STANDARD

Environment Variables:
JAVA_HOME=C:\Program Files\Java\jdk1.8.0_77
PATH=C:\ProgramData\Miniconda3;C:\ProgramData\Miniconda3\Library\mingw-w64\bin;C:\ProgramData\Miniconda3\Library\usr\bin;C:\ProgramData\Miniconda3\Library\bin;C:\ProgramData\Miniconda3\Scripts;C:\Program Files (x86)\Common Files\Oracle\Java\javapath;C:\ProgramData\Oracle\Java\javapath;C:\Program Files (x86)\Intel\iCLS Client\;C:\Program Files\Intel\iCLS Client\;C:\WINDOWS\system32;C:\WINDOWS;C:\WINDOWS\System32\Wbem;C:\WINDOWS\System32\WindowsPowerShell\v1.0\;C:\Program Files (x86)\Intel\Intel(R) Management Engine Components\DAL;C:\Program Files\Intel\Intel(R) Management Engine Components\DAL;C:\Program Files (x86)\Intel\Intel(R) Management Engine Components\IPT;C:\Program Files\Intel\Intel(R) Management Engine Components\IPT;C:\Program Files\Samsung\SamsungLink\AllShare Framework DMS\bin\;C:\Program Files\Java\jdk1.8.0_77\bin;C:\Program Files (x86)\ePapyrus\Papyrus-PlugIn-xfa;C:\Program Files (x86)\ePapyrus\Papyrus-PlugIn-xfa\Addins;C:\AndroidSDK\platform-tools;C:\Program Files\Git\cmd;C:\Users\hyeminJ\Downloads\apache-maven-3.5.3-bin\apache-maven-3.5.3\bin;C:\Users\hyeminJ\AppData\Local\Microsoft\WindowsApps;C:\Users\hyeminJ\AppData\Local\atom\bin
USERNAME=hyeminJ
OS=Windows_NT
PROCESSOR_IDENTIFIER=Intel64 Family 6 Model 78 Stepping 3, GenuineIntel



---------------  S Y S T E M  ---------------

OS: Windows 10.0 , 64 bit Build 15063 (10.0.15063.1058)

CPU:total 4 (initial active 4) (2 cores per cpu, 2 threads per core) family 6 model 78 stepping 3, cmov, cx8, fxsr, mmx, sse, sse2, sse3, ssse3, sse4.1, sse4.2, popcnt, aes, clmul, erms, 3dnowpref, lzcnt, ht, tsc, tscinvbit

Memory: 4k page, physical 8304512k(3075952k free), swap 15815956k(4240k free)

vm_info: OpenJDK 64-Bit Server VM (25.152-b02) for windows-amd64 JRE (1.8.0_152-release-1024-b02), built by "builder" with MS VC++ 10.0 (VS2010)

time: Thu Sep 06 17:37:18 2018
elapsed time: 21 seconds (0d 0h 0m 21s)

